#
# A fatal error has been detected by the Java Runtime Environment:
#
#  SIGSEGV (0xb) at pc=0x00007fff8ed93d6c, pid=17975, tid=5379
#
# JRE version: Java(TM) SE Runtime Environment (8.0_20-b26) (build 1.8.0_20-b26)
# Java VM: Java HotSpot(TM) 64-Bit Server VM (25.20-b23 mixed mode bsd-amd64 compressed oops)
# Problematic frame:
# C  [HIToolbox+0x25d6c]  _ZNK22THIThemeTextInfoPublic13GetTruncationEv+0x8
#
# Failed to write core dump. Core dumps have been disabled. To enable core dumping, try "ulimit -c unlimited" before starting Java again
#
# If you would like to submit a bug report, please visit:
#   http://bugreport.sun.com/bugreport/crash.jsp
# The crash happened outside the Java Virtual Machine in native code.
# See problematic frame for where to report the bug.
#

---------------  T H R E A D  ---------------

Current thread (0x00007ff035000000):  JavaThread "main" [_thread_in_native, id=5379, stack(0x000000010ca25000,0x000000010cb25000)]

siginfo: si_signo: 11 (SIGSEGV), si_code: 1 (SEGV_MAPERR), si_addr: 0x0000000000000016

Registers:
RAX=0x0000000000000000, RBX=0x0000000007020000, RCX=0x000000010cb22078, RDX=0x000000010cb22070
RSP=0x000000010cb22160, RBP=0x000000010cb22160, RSI=0x00007ff033672a48, RDI=0x00007ff03366f510
R8 =0x000000000000000e, R9 =0x00000000c0000000, R10=0x00007ff03367a860, R11=0x00007fff7b498130
R12=0x00007ff03366f510, R13=0x00000000ffffff94, R14=0x00007ff033673040, R15=0x00007ff033775cf0
RIP=0x00007fff8ed93d6c, EFLAGS=0x0000000000010206, ERR=0x0000000000000004
  TRAPNO=0x000000000000000e

Top of Stack: (sp=0x000000010cb22160)
0x000000010cb22160:   000000010cb221b0 00007fff8ed93e5d
0x000000010cb22170:   00007ff0336fc080 00007ff033672ab0
0x000000010cb22180:   431c00000000000b 0000000007020000
0x000000010cb22190:   00007ff033673040 00007ff033673040
0x000000010cb221a0:   00007ff03366f510 0000000000000000
0x000000010cb221b0:   000000010cb221f0 00007fff8ed93ddf
0x000000010cb221c0:   431c000041b00000 431c000007020000
0x000000010cb221d0:   0000000007020000 00007ff033459ad0
0x000000010cb221e0:   000000010cb23198 00007ff03366f510
0x000000010cb221f0:   000000010cb22d70 00007fff8ed9593c
0x000000010cb22200:   0000000000000000 00007ff033459ad0
0x000000010cb22210:   000000010cb22230 00007fff961b630c
0x000000010cb22220:   0000000000000000 000000010cb225b8
0x000000010cb22230:   000000010cb227e0 00007fff8d93ecad
0x000000010cb22240:   00007ff03366f510 0000000000000000
0x000000010cb22250:   0000000000000000 0000000000000000
0x000000010cb22260:   3ff0000000000000 0000000000000000
0x000000010cb22270:   0000000000000000 3ff0000000000000
0x000000010cb22280:   8000000000000000 8000000000000000
0x000000010cb22290:   c036000000000000 7fffffffffffffff
0x000000010cb222a0:   4042800000000000 7fffffffffffffff
0x000000010cb222b0:   00007ff033459ad0 7fffffffffffffff
0x000000010cb222c0:   c036000000000000 0000000000000000
0x000000010cb222d0:   0000000000000001 0000000000000000
0x000000010cb222e0:   8000000000000000 8000000000000000
0x000000010cb222f0:   0000000000000000 3ff0000000000000
0x000000010cb22300:   3ff0000000000000 0000000000000000
0x000000010cb22310:   000000012735d000 0000000000001680
0x000000010cb22320:   000000010cb223a0 00007fff961f1629
0x000000010cb22330:   3ff0000000000000 0000000000000000
0x000000010cb22340:   0000000000000000 3ff0000000000000
0x000000010cb22350:   8000000000000000 8000000000000000 

Instructions: (pc=0x00007fff8ed93d6c)
0x00007fff8ed93d4c:   f7 ff 50 58 85 c0 74 da 83 f8 01 75 04 31 db eb
0x00007fff8ed93d5c:   d1 bb 01 00 00 00 eb ca 55 48 89 e5 48 8b 47 08
0x00007fff8ed93d6c:   8b 40 16 5d c3 90 55 48 89 e5 48 8b 47 08 8b 40
0x00007fff8ed93d7c:   1a 5d c3 90 55 48 89 e5 41 57 41 56 41 54 53 48 

Register to memory mapping:

RAX=0x0000000000000000 is an unknown value
RBX=0x0000000007020000 is an unknown value
RCX=0x000000010cb22078 is pointing into the stack for thread: 0x00007ff035000000
RDX=0x000000010cb22070 is pointing into the stack for thread: 0x00007ff035000000
RSP=0x000000010cb22160 is pointing into the stack for thread: 0x00007ff035000000
RBP=0x000000010cb22160 is pointing into the stack for thread: 0x00007ff035000000
RSI=0x00007ff033672a48 is an unknown value
RDI=0x00007ff03366f510 is an unknown value
R8 =0x000000000000000e is an unknown value
R9 =0x00000000c0000000 is an unknown value
R10=0x00007ff03367a860 is an unknown value
R11=0x00007fff7b498130: OBJC_CLASS_$__CTNativeGlyphStorage+0 in /System/Library/Frameworks/CoreText.framework/Versions/A/CoreText at 0x00007fff90263000
R12=0x00007ff03366f510 is an unknown value
R13=0x00000000ffffff94 is an unknown value
R14=0x00007ff033673040 is an unknown value
R15=0x00007ff033775cf0 is an unknown value


Stack: [0x000000010ca25000,0x000000010cb25000],  sp=0x000000010cb22160,  free space=1012k
Native frames: (J=compiled Java code, j=interpreted, Vv=VM code, C=native code)
C  [HIToolbox+0x25d6c]  _ZNK22THIThemeTextInfoPublic13GetTruncationEv+0x8
C  [HIToolbox+0x25e5d]  _ZN15TCoreTextEngine16LayoutSingleLineEP16THIThemeTextInfof+0x41
C  [HIToolbox+0x25ddf]  _ZN15TCoreTextEngine6LayoutEP16THIThemeTextInfoff14TextLayoutType+0x5f
C  [HIToolbox+0x2793c]  _ZN15TCoreTextEngine16DrawThemeTextBoxEP16THIThemeTextInfoRK6CGRectjP9CGContext+0xd2
C  [HIToolbox+0xbf604]  ___ZN10DataEngine11DrawTextBoxEPKvPK6CGRectP15HIThemeTextInfoP9CGContext_block_invoke+0x106
C  [HIToolbox+0x2752e]  _ZN10DataEngine11DrawTextBoxEPKvPK6CGRectP15HIThemeTextInfoP9CGContext+0x58c
C  [HIToolbox+0x26f74]  HIThemeDrawTextBox+0x1be
C  [HIToolbox+0x26d07]  _ZN13HIMenuBarView13DrawTextTitleEP8MenuDataPK6CGRectPK10__CFStringtP9CGContextbb+0x191
C  [HIToolbox+0xf93a5]  _ZN13HIMenuBarView8DrawOnceE6CGRectS0_bbP9CGContext+0x6a7
C  [HIToolbox+0x23991]  _ZN13HIMenuBarView8DrawSelfEsPK9__HIShapeP9CGContext+0x2c1
C  [HIToolbox+0x2353d]  _ZN6HIView15DrawCacheOrSelfEsPK9__HIShapeP9CGContext+0x157
C  [HIToolbox+0x1398a]  _ZN6HIView12EventHandlerEP25OpaqueEventHandlerCallRefP14OpaqueEventRefPv+0xbae
C  [HIToolbox+0x898c]  _ZL23DispatchEventToHandlersP14EventTargetRecP14OpaqueEventRefP14HandlerCallRec+0x4ec
C  [HIToolbox+0x7dce]  _ZL30SendEventToEventTargetInternalP14OpaqueEventRefP20OpaqueEventTargetRefP14HandlerCallRec+0x182
C  [HIToolbox+0x7c42]  SendEventToEventTargetWithOptions+0x2b
C  [HIToolbox+0x23399]  _ZN6HIView8SendDrawEsP13OpaqueGrafPtrPK9__HIShapeP9CGContext+0x151
C  [HIToolbox+0x22d22]  _ZN6HIView23RecursiveDrawCompositedEPK9__HIShapeS2_jPS_P9CGContexthd+0x2c6
C  [HIToolbox+0x22f9e]  _ZN6HIView23RecursiveDrawCompositedEPK9__HIShapeS2_jPS_P9CGContexthd+0x542
C  [HIToolbox+0x21c5b]  _ZN6HIView14DrawCompositedEsP13OpaqueGrafPtrPK9__HIShapejPS_P9CGContext+0x3c5
C  [HIToolbox+0x21884]  _ZN6HIView6RenderEjP9CGContext+0x36
C  [HIToolbox+0x20fb8]  _ZN10WindowData20PrepareForVisibilityEv+0xa8
C  [HIToolbox+0x1fe70]  _ShowHideWindows+0x189
C  [HIToolbox+0x1fce1]  ShowHide+0x22
C  [HIToolbox+0x11dcd]  _ZN9MBWindows12CreateWindowE6CGRectj+0x179
C  [HIToolbox+0x119f6]  _ZN9MBWindows20GetWindowIDOnDisplayEjh+0xae
C  [HIToolbox+0x2c7b0]  _GetMenuBarWindowOnDisplay+0x1e
C  [HIToolbox+0x2c72d]  _Z23GetMenuBarViewOnDisplayP8MenuDatajh+0x30
C  [HIToolbox+0x2d6ea]  _ZN15MenuBarInstance15SetServerBoundsEv+0x26
C  [HIToolbox+0x8b3a9]  _ZN15MenuBarInstance10HideWindowE21MenuBarAnimationStyleh+0xc7
C  [HIToolbox+0x8b28c]  _ZN15MenuBarInstance4HideE21MenuBarAnimationStylehhPh+0xc8
C  [HIToolbox+0x1b058d]  _ZN15MenuBarInstance21UpdateAggregateUIModeE21MenuBarAnimationStylehhh+0x289
C  [HIToolbox+0x2dd19]  _ZN15MenuBarInstance16ForEachMenuBarDoEU13block_pointerFvPS_E+0x2f
C  [HIToolbox+0x10fbb]  SetSystemUIMode+0xfe
j  japplemenubar.JAppleMenuBar.setVisible(ZZ)V+0
j  japplemenubar.JAppleMenuBar.hide()V+5
j  processing.core.PApplet.hideMenuBar()V+7
j  processing.awt.PSurfaceAWT.setFullFrame()V+0
j  processing.awt.PSurfaceAWT.placeWindow([I[I)V+40
j  processing.core.PApplet.runSketch([Ljava/lang/String;Lprocessing/core/PApplet;)V+728
j  processing.core.PApplet.main(Ljava/lang/String;[Ljava/lang/String;)V+21
j  processing.core.PApplet.main(Ljava/lang/String;)V+2
j  SoccerGameOrigional.main([Ljava/lang/String;)V+2
v  ~StubRoutines::call_stub
V  [libjvm.dylib+0x2d429e]
V  [libjvm.dylib+0x309377]
V  [libjvm.dylib+0x302571]
C  [java+0x2c82]  JavaMain+0x998
C  [libsystem_pthread.dylib+0x3268]  _pthread_body+0x83
C  [libsystem_pthread.dylib+0x31e5]  _pthread_body+0x0
C  [libsystem_pthread.dylib+0x141d]  thread_start+0xd
C  0x0000000000000000

Java frames: (J=compiled Java code, j=interpreted, Vv=VM code)
j  japplemenubar.JAppleMenuBar.setVisible(ZZ)V+0
j  japplemenubar.JAppleMenuBar.hide()V+5
j  processing.core.PApplet.hideMenuBar()V+7
j  processing.awt.PSurfaceAWT.setFullFrame()V+0
j  processing.awt.PSurfaceAWT.placeWindow([I[I)V+40
j  processing.core.PApplet.runSketch([Ljava/lang/String;Lprocessing/core/PApplet;)V+728
j  processing.core.PApplet.main(Ljava/lang/String;[Ljava/lang/String;)V+21
j  processing.core.PApplet.main(Ljava/lang/String;)V+2
j  SoccerGameOrigional.main([Ljava/lang/String;)V+2
v  ~StubRoutines::call_stub

---------------  P R O C E S S  ---------------

Java Threads: ( => current thread )
  0x00007ff0351b6000 JavaThread "AWT-EventQueue-0" [_thread_blocked, id=50179, stack(0x0000000128924000,0x0000000128a24000)]
  0x00007ff0340a0000 JavaThread "AWT-Shutdown" [_thread_blocked, id=29195, stack(0x000000012453b000,0x000000012463b000)]
  0x00007ff0338f5000 JavaThread "Java2D Disposer" daemon [_thread_blocked, id=47127, stack(0x0000000126c60000,0x0000000126d60000)]
  0x00007ff0338bf000 JavaThread "Java2D Queue Flusher" daemon [_thread_blocked, id=45575, stack(0x0000000126336000,0x0000000126436000)]
  0x00007ff033811000 JavaThread "AppKit Thread" daemon [_thread_in_native, id=1811, stack(0x00007fff53a0c000,0x00007fff5420c000)]
  0x00007ff03487e000 JavaThread "Service Thread" daemon [_thread_blocked, id=18179, stack(0x0000000122adf000,0x0000000122bdf000)]
  0x00007ff034016800 JavaThread "C1 CompilerThread2" daemon [_thread_blocked, id=17667, stack(0x00000001229dc000,0x0000000122adc000)]
  0x00007ff034015800 JavaThread "C2 CompilerThread1" daemon [_thread_blocked, id=17155, stack(0x00000001228d9000,0x00000001229d9000)]
  0x00007ff03483a800 JavaThread "C2 CompilerThread0" daemon [_thread_blocked, id=16643, stack(0x00000001227d6000,0x00000001228d6000)]
  0x00007ff034836000 JavaThread "Signal Dispatcher" daemon [_thread_blocked, id=15131, stack(0x00000001226d3000,0x00000001227d3000)]
  0x00007ff035038000 JavaThread "Finalizer" daemon [_thread_blocked, id=12035, stack(0x0000000120d8d000,0x0000000120e8d000)]
  0x00007ff035037000 JavaThread "Reference Handler" daemon [_thread_blocked, id=11523, stack(0x0000000120c8a000,0x0000000120d8a000)]
=>0x00007ff035000000 JavaThread "main" [_thread_in_native, id=5379, stack(0x000000010ca25000,0x000000010cb25000)]

Other Threads:
  0x00007ff035032800 VMThread [stack: 0x0000000120b87000,0x0000000120c87000] [id=11011]
  0x00007ff034024800 WatcherThread [stack: 0x0000000122be2000,0x0000000122ce2000] [id=18691]

VM state:not at safepoint (normal execution)

VM Mutex/Monitor currently owned by a thread: None

Heap:
 PSYoungGen      total 18944K, used 10266K [0x00000007aab00000, 0x00000007ac000000, 0x00000007c0000000)
  eden space 16384K, 62% used [0x00000007aab00000,0x00000007ab506888,0x00000007abb00000)
  from space 2560K, 0% used [0x00000007abd80000,0x00000007abd80000,0x00000007ac000000)
  to   space 2560K, 0% used [0x00000007abb00000,0x00000007abb00000,0x00000007abd80000)
 ParOldGen       total 44032K, used 0K [0x0000000780000000, 0x0000000782b00000, 0x00000007aab00000)
  object space 44032K, 0% used [0x0000000780000000,0x0000000780000000,0x0000000782b00000)
 Metaspace       used 9246K, capacity 9386K, committed 9600K, reserved 1058816K
  class space    used 1073K, capacity 1111K, committed 1152K, reserved 1048576K

Card table byte_map: [0x000000011c7c0000,0x000000011c9c1000] byte_map_base: 0x0000000118bc0000

Marking Bits: (ParMarkBitMap*) 0x000000010c38e330
 Begin Bits: [0x000000011cf23000, 0x000000011df23000)
 End Bits:   [0x000000011df23000, 0x000000011ef23000)

Polling page: 0x000000010cb69000

CodeCache: size=245760Kb used=1925Kb max_used=1925Kb free=243834Kb
 bounds [0x000000010d400000, 0x000000010d670000, 0x000000011c400000]
 total_blobs=810 nmethods=327 adapters=398
 compilation: enabled

Compilation events (10 events):
Event: 18.114 Thread 0x00007ff034016800  325       3       java.util.AbstractSet::<init> (5 bytes)
Event: 18.115 Thread 0x00007ff034016800 nmethod 325 0x000000010d5dfa50 code [0x000000010d5dfbc0, 0x000000010d5dfdd0]
Event: 18.117 Thread 0x00007ff034016800  326       3       java.lang.Character::toUpperCase (6 bytes)
Event: 18.117 Thread 0x00007ff034016800 nmethod 326 0x000000010d5df510 code [0x000000010d5df6a0, 0x000000010d5df938]
Event: 18.117 Thread 0x00007ff034016800  327       3       java.lang.CharacterDataLatin1::toUpperCase (53 bytes)
Event: 18.117 Thread 0x00007ff034016800 nmethod 327 0x000000010d5e02d0 code [0x000000010d5e0440, 0x000000010d5e0710]
Event: 19.256 Thread 0x00007ff034016800  328       3       java.util.concurrent.locks.AbstractOwnableSynchronizer::setExclusiveOwnerThread (6 bytes)
Event: 19.257 Thread 0x00007ff034016800 nmethod 328 0x000000010d5df1d0 code [0x000000010d5df320, 0x000000010d5df490]
Event: 25.694 Thread 0x00007ff034016800  330       1       sun.java2d.opengl.OGLRenderQueue::access$000 (5 bytes)
Event: 25.837 Thread 0x00007ff034016800 nmethod 330 0x000000010d508e90 code [0x000000010d508fe0, 0x000000010d5090d0]

GC Heap History (0 events):
No events

Deoptimization events (0 events):
No events

Internal exceptions (10 events):
Event: 12.144 Thread 0x00007ff035000000 Exception <a 'java/security/PrivilegedActionException'> (0x00000007aaff43c8) thrown at [/HUDSON3/workspace/8-2-build-macosx-x86_64/jdk8u20/1074/hotspot/src/share/vm/prims/jvm.cpp, line 1275]
Event: 12.145 Thread 0x00007ff035000000 Exception <a 'java/security/PrivilegedActionException'> (0x00000007aaff8290) thrown at [/HUDSON3/workspace/8-2-build-macosx-x86_64/jdk8u20/1074/hotspot/src/share/vm/prims/jvm.cpp, line 1275]
Event: 12.338 Thread 0x00007ff035000000 Exception <a 'java/security/PrivilegedActionException'> (0x00000007ab03ca68) thrown at [/HUDSON3/workspace/8-2-build-macosx-x86_64/jdk8u20/1074/hotspot/src/share/vm/prims/jvm.cpp, line 1275]
Event: 12.338 Thread 0x00007ff035000000 Exception <a 'java/security/PrivilegedActionException'> (0x00000007ab03e028) thrown at [/HUDSON3/workspace/8-2-build-macosx-x86_64/jdk8u20/1074/hotspot/src/share/vm/prims/jvm.cpp, line 1275]
Event: 12.343 Thread 0x00007ff035000000 Exception <a 'java/security/PrivilegedActionException'> (0x00000007ab041e30) thrown at [/HUDSON3/workspace/8-2-build-macosx-x86_64/jdk8u20/1074/hotspot/src/share/vm/prims/jvm.cpp, line 1275]
Event: 12.343 Thread 0x00007ff035000000 Exception <a 'java/security/PrivilegedActionException'> (0x00000007ab043420) thrown at [/HUDSON3/workspace/8-2-build-macosx-x86_64/jdk8u20/1074/hotspot/src/share/vm/prims/jvm.cpp, line 1275]
Event: 12.346 Thread 0x00007ff035000000 Exception <a 'java/security/PrivilegedActionException'> (0x00000007ab04f5d8) thrown at [/HUDSON3/workspace/8-2-build-macosx-x86_64/jdk8u20/1074/hotspot/src/share/vm/prims/jvm.cpp, line 1275]
Event: 12.347 Thread 0x00007ff035000000 Exception <a 'java/security/PrivilegedActionException'> (0x00000007ab050da8) thrown at [/HUDSON3/workspace/8-2-build-macosx-x86_64/jdk8u20/1074/hotspot/src/share/vm/prims/jvm.cpp, line 1275]
Event: 16.680 Thread 0x00007ff035000000 Exception <a 'java/security/PrivilegedActionException'> (0x00000007ab095368) thrown at [/HUDSON3/workspace/8-2-build-macosx-x86_64/jdk8u20/1074/hotspot/src/share/vm/prims/jvm.cpp, line 1275]
Event: 17.001 Thread 0x00007ff035000000 Exception <a 'java/security/PrivilegedActionException'> (0x00000007ab099440) thrown at [/HUDSON3/workspace/8-2-build-macosx-x86_64/jdk8u20/1074/hotspot/src/share/vm/prims/jvm.cpp, line 1275]

Events (10 events):
Event: 18.120 Executing VM operation: RevokeBias
Event: 18.120 Executing VM operation: RevokeBias done
Event: 18.127 loading class java/io/FileOutputStream$1
Event: 18.127 loading class java/io/FileOutputStream$1 done
Event: 18.636 Executing VM operation: RevokeBias
Event: 18.636 Executing VM operation: RevokeBias done
Event: 18.636 Thread 0x00007ff035098000 Thread exited: 0x00007ff035098000
Event: 19.257 Thread 0x00007ff034016800 flushing nmethod 0x000000010d507410
Event: 19.257 Thread 0x00007ff034016800 flushing nmethod 0x000000010d508a90
Event: 19.257 Thread 0x00007ff034016800 flushing nmethod 0x000000010d508dd0


Dynamic libraries:
0x000000000a4b8000 	/System/Library/Frameworks/Cocoa.framework/Versions/A/Cocoa
0x000000000a4b8000 	/System/Library/Frameworks/Security.framework/Versions/A/Security
0x000000000a4b8000 	/System/Library/Frameworks/ApplicationServices.framework/Versions/A/ApplicationServices
0x000000000a4b8000 	/usr/lib/libz.1.dylib
0x000000000a4b8000 	/usr/lib/libSystem.B.dylib
0x000000000a4b8000 	/usr/lib/libobjc.A.dylib
0x000000000a4b8000 	/System/Library/Frameworks/CoreFoundation.framework/Versions/A/CoreFoundation
0x000000000a4b8000 	/System/Library/Frameworks/Foundation.framework/Versions/C/Foundation
0x000000000a4b8000 	/System/Library/Frameworks/AppKit.framework/Versions/C/AppKit
0x000000000a4b8000 	/System/Library/Frameworks/CoreData.framework/Versions/A/CoreData
0x000000000a4b8000 	/System/Library/PrivateFrameworks/RemoteViewServices.framework/Versions/A/RemoteViewServices
0x000000000a4b8000 	/System/Library/PrivateFrameworks/UIFoundation.framework/Versions/A/UIFoundation
0x000000000a4b8000 	/System/Library/Frameworks/IOSurface.framework/Versions/A/IOSurface
0x000000000a4b8000 	/System/Library/Frameworks/AudioToolbox.framework/Versions/A/AudioToolbox
0x000000000a4b8000 	/System/Library/Frameworks/AudioUnit.framework/Versions/A/AudioUnit
0x000000000a4b8000 	/System/Library/PrivateFrameworks/DataDetectorsCore.framework/Versions/A/DataDetectorsCore
0x000000000a4b8000 	/System/Library/PrivateFrameworks/DesktopServicesPriv.framework/Versions/A/DesktopServicesPriv
0x000000000a4b8000 	/System/Library/Frameworks/Carbon.framework/Versions/A/Frameworks/HIToolbox.framework/Versions/A/HIToolbox
0x000000000a4b8000 	/System/Library/Frameworks/QuartzCore.framework/Versions/A/QuartzCore
0x000000000a4b8000 	/System/Library/Frameworks/Carbon.framework/Versions/A/Frameworks/SpeechRecognition.framework/Versions/A/SpeechRecognition
0x000000000a4b8000 	/usr/lib/libauto.dylib
0x000000000a4b8000 	/usr/lib/libicucore.A.dylib
0x000000000a4b8000 	/usr/lib/libxml2.2.dylib
0x000000000a4b8000 	/System/Library/PrivateFrameworks/CoreUI.framework/Versions/A/CoreUI
0x000000000a4b8000 	/System/Library/Frameworks/CoreAudio.framework/Versions/A/CoreAudio
0x000000000a4b8000 	/System/Library/Frameworks/DiskArbitration.framework/Versions/A/DiskArbitration
0x000000000a4b8000 	/usr/lib/liblangid.dylib
0x000000000a4b8000 	/System/Library/PrivateFrameworks/MultitouchSupport.framework/Versions/A/MultitouchSupport
0x000000000a4b8000 	/System/Library/Frameworks/IOKit.framework/Versions/A/IOKit
0x000000000a4b8000 	/usr/lib/libDiagnosticMessagesClient.dylib
0x000000000a4b8000 	/System/Library/Frameworks/CoreServices.framework/Versions/A/CoreServices
0x000000000a4b8000 	/System/Library/PrivateFrameworks/PerformanceAnalysis.framework/Versions/A/PerformanceAnalysis
0x000000000a4b8000 	/System/Library/PrivateFrameworks/GenerationalStorage.framework/Versions/A/GenerationalStorage
0x000000000a4b8000 	/System/Library/Frameworks/OpenGL.framework/Versions/A/OpenGL
0x000000000a4b8000 	/System/Library/PrivateFrameworks/Sharing.framework/Versions/A/Sharing
0x000000000a4b8000 	/System/Library/Frameworks/CoreGraphics.framework/Versions/A/CoreGraphics
0x000000000a4b8000 	/System/Library/Frameworks/CoreText.framework/Versions/A/CoreText
0x000000000a4b8000 	/System/Library/Frameworks/ImageIO.framework/Versions/A/ImageIO
0x000000000a4b8000 	/usr/lib/libextension.dylib
0x000000000a4b8000 	/System/Library/PrivateFrameworks/Backup.framework/Versions/A/Backup
0x000000000a4b8000 	/usr/lib/libarchive.2.dylib
0x000000000a4b8000 	/System/Library/Frameworks/CFNetwork.framework/Versions/A/CFNetwork
0x000000000a4b8000 	/System/Library/Frameworks/SystemConfiguration.framework/Versions/A/SystemConfiguration
0x000000000a4b8000 	/usr/lib/libCRFSuite.dylib
0x000000000a4b8000 	/usr/lib/libc++.1.dylib
0x000000000a4b8000 	/usr/lib/libc++abi.dylib
0x000000000a4b8000 	/usr/lib/system/libcache.dylib
0x000000000a4b8000 	/usr/lib/system/libcommonCrypto.dylib
0x000000000a4b8000 	/usr/lib/system/libcompiler_rt.dylib
0x000000000a4b8000 	/usr/lib/system/libcopyfile.dylib
0x000000000a4b8000 	/usr/lib/system/libcorecrypto.dylib
0x000000000a4b8000 	/usr/lib/system/libdispatch.dylib
0x000000000a4b8000 	/usr/lib/system/libdyld.dylib
0x000000000a4b8000 	/usr/lib/system/libkeymgr.dylib
0x000000000a4b8000 	/usr/lib/system/liblaunch.dylib
0x000000000a4b8000 	/usr/lib/system/libmacho.dylib
0x000000000a4b8000 	/usr/lib/system/libquarantine.dylib
0x000000000a4b8000 	/usr/lib/system/libremovefile.dylib
0x000000000a4b8000 	/usr/lib/system/libsystem_asl.dylib
0x000000000a4b8000 	/usr/lib/system/libsystem_blocks.dylib
0x000000000a4b8000 	/usr/lib/system/libsystem_c.dylib
0x000000000a4b8000 	/usr/lib/system/libsystem_configuration.dylib
0x000000000a4b8000 	/usr/lib/system/libsystem_coreservices.dylib
0x000000000a4b8000 	/usr/lib/system/libsystem_coretls.dylib
0x000000000a4b8000 	/usr/lib/system/libsystem_dnssd.dylib
0x000000000a4b8000 	/usr/lib/system/libsystem_info.dylib
0x000000000a4b8000 	/usr/lib/system/libsystem_kernel.dylib
0x000000000a4b8000 	/usr/lib/system/libsystem_m.dylib
0x000000000a4b8000 	/usr/lib/system/libsystem_malloc.dylib
0x000000000a4b8000 	/usr/lib/system/libsystem_network.dylib
0x000000000a4b8000 	/usr/lib/system/libsystem_networkextension.dylib
0x000000000a4b8000 	/usr/lib/system/libsystem_notify.dylib
0x000000000a4b8000 	/usr/lib/system/libsystem_platform.dylib
0x000000000a4b8000 	/usr/lib/system/libsystem_pthread.dylib
0x000000000a4b8000 	/usr/lib/system/libsystem_sandbox.dylib
0x000000000a4b8000 	/usr/lib/system/libsystem_secinit.dylib
0x000000000a4b8000 	/usr/lib/system/libsystem_stats.dylib
0x000000000a4b8000 	/usr/lib/system/libsystem_trace.dylib
0x000000000a4b8000 	/usr/lib/system/libunc.dylib
0x000000000a4b8000 	/usr/lib/system/libunwind.dylib
0x000000000a4b8000 	/usr/lib/system/libxpc.dylib
0x000000000a4b8000 	/usr/lib/libbz2.1.0.dylib
0x000000000a4b8000 	/usr/lib/liblzma.5.dylib
0x000000000a4b8000 	/usr/lib/libbsm.0.dylib
0x000000000a4b8000 	/usr/lib/libsqlite3.dylib
0x000000000a4b8000 	/usr/lib/system/libkxld.dylib
0x000000000a4b8000 	/usr/lib/libxar.1.dylib
0x000000000a4b8000 	/usr/lib/libpam.2.dylib
0x000000000a4b8000 	/usr/lib/libOpenScriptingUtil.dylib
0x000000000a4b8000 	/System/Library/Frameworks/CoreServices.framework/Versions/A/Frameworks/FSEvents.framework/Versions/A/FSEvents
0x000000000a4b8000 	/System/Library/Frameworks/CoreServices.framework/Versions/A/Frameworks/CarbonCore.framework/Versions/A/CarbonCore
0x000000000a4b8000 	/System/Library/Frameworks/CoreServices.framework/Versions/A/Frameworks/Metadata.framework/Versions/A/Metadata
0x000000000a4b8000 	/System/Library/Frameworks/CoreServices.framework/Versions/A/Frameworks/OSServices.framework/Versions/A/OSServices
0x000000000a4b8000 	/System/Library/Frameworks/CoreServices.framework/Versions/A/Frameworks/SearchKit.framework/Versions/A/SearchKit
0x000000000a4b8000 	/System/Library/Frameworks/CoreServices.framework/Versions/A/Frameworks/AE.framework/Versions/A/AE
0x000000000a4b8000 	/System/Library/Frameworks/CoreServices.framework/Versions/A/Frameworks/LaunchServices.framework/Versions/A/LaunchServices
0x000000000a4b8000 	/System/Library/Frameworks/CoreServices.framework/Versions/A/Frameworks/DictionaryServices.framework/Versions/A/DictionaryServices
0x000000000a4b8000 	/System/Library/Frameworks/NetFS.framework/Versions/A/NetFS
0x000000000a4b8000 	/System/Library/PrivateFrameworks/NetAuth.framework/Versions/A/NetAuth
0x000000000a4b8000 	/System/Library/PrivateFrameworks/login.framework/Versions/A/Frameworks/loginsupport.framework/Versions/A/loginsupport
0x000000000a4b8000 	/System/Library/PrivateFrameworks/TCC.framework/Versions/A/TCC
0x000000000a4b8000 	/usr/lib/libmecabra.dylib
0x000000000a4b8000 	/System/Library/Frameworks/ApplicationServices.framework/Versions/A/Frameworks/ATS.framework/Versions/A/ATS
0x000000000a4b8000 	/System/Library/Frameworks/ApplicationServices.framework/Versions/A/Frameworks/ColorSync.framework/Versions/A/ColorSync
0x000000000a4b8000 	/System/Library/Frameworks/ApplicationServices.framework/Versions/A/Frameworks/HIServices.framework/Versions/A/HIServices
0x000000000a4b8000 	/System/Library/Frameworks/ApplicationServices.framework/Versions/A/Frameworks/LangAnalysis.framework/Versions/A/LangAnalysis
0x000000000a4b8000 	/System/Library/Frameworks/ApplicationServices.framework/Versions/A/Frameworks/PrintCore.framework/Versions/A/PrintCore
0x000000000a4b8000 	/System/Library/Frameworks/ApplicationServices.framework/Versions/A/Frameworks/QD.framework/Versions/A/QD
0x000000000a4b8000 	/System/Library/Frameworks/ApplicationServices.framework/Versions/A/Frameworks/SpeechSynthesis.framework/Versions/A/SpeechSynthesis
0x000000000a4b8000 	/System/Library/Frameworks/Accelerate.framework/Versions/A/Accelerate
0x000000000a4b8000 	/System/Library/Frameworks/Accelerate.framework/Versions/A/Frameworks/vImage.framework/Versions/A/vImage
0x000000000a4b8000 	/System/Library/Frameworks/Accelerate.framework/Versions/A/Frameworks/vecLib.framework/Versions/A/vecLib
0x000000000a4b8000 	/System/Library/Frameworks/Accelerate.framework/Versions/A/Frameworks/vecLib.framework/Versions/A/libvDSP.dylib
0x000000000a4b8000 	/System/Library/Frameworks/Accelerate.framework/Versions/A/Frameworks/vecLib.framework/Versions/A/libvMisc.dylib
0x000000000a4b8000 	/System/Library/Frameworks/Accelerate.framework/Versions/A/Frameworks/vecLib.framework/Versions/A/libLAPACK.dylib
0x000000000a4b8000 	/System/Library/Frameworks/Accelerate.framework/Versions/A/Frameworks/vecLib.framework/Versions/A/libBLAS.dylib
0x000000000a4b8000 	/System/Library/Frameworks/Accelerate.framework/Versions/A/Frameworks/vecLib.framework/Versions/A/libLinearAlgebra.dylib
0x000000000a4b8000 	/System/Library/Frameworks/ApplicationServices.framework/Versions/A/Frameworks/ATS.framework/Versions/A/Resources/libFontParser.dylib
0x000000000a4b8000 	/System/Library/Frameworks/ApplicationServices.framework/Versions/A/Frameworks/ATS.framework/Versions/A/Resources/libFontRegistry.dylib
0x000000000a4b8000 	/System/Library/PrivateFrameworks/AppleVPA.framework/Versions/A/AppleVPA
0x000000000a4b8000 	/System/Library/PrivateFrameworks/AppleJPEG.framework/Versions/A/AppleJPEG
0x000000000a4b8000 	/System/Library/Frameworks/ImageIO.framework/Versions/A/Resources/libJPEG.dylib
0x000000000a4b8000 	/System/Library/Frameworks/ImageIO.framework/Versions/A/Resources/libTIFF.dylib
0x000000000a4b8000 	/System/Library/Frameworks/ImageIO.framework/Versions/A/Resources/libPng.dylib
0x000000000a4b8000 	/System/Library/Frameworks/ImageIO.framework/Versions/A/Resources/libGIF.dylib
0x000000000a4b8000 	/System/Library/Frameworks/ImageIO.framework/Versions/A/Resources/libJP2.dylib
0x000000000a4b8000 	/System/Library/Frameworks/ImageIO.framework/Versions/A/Resources/libRadiance.dylib
0x000000000a4b8000 	/System/Library/Frameworks/CoreVideo.framework/Versions/A/CoreVideo
0x000000000a4b8000 	/System/Library/Frameworks/OpenGL.framework/Versions/A/Libraries/libGLU.dylib
0x000000000a4b8000 	/System/Library/Frameworks/OpenGL.framework/Versions/A/Libraries/libGFXShared.dylib
0x000000000a4b8000 	/System/Library/Frameworks/OpenGL.framework/Versions/A/Libraries/libGL.dylib
0x000000000a4b8000 	/System/Library/Frameworks/OpenGL.framework/Versions/A/Libraries/libGLImage.dylib
0x000000000a4b8000 	/System/Library/Frameworks/OpenGL.framework/Versions/A/Libraries/libCVMSPluginSupport.dylib
0x000000000a4b8000 	/System/Library/Frameworks/OpenGL.framework/Versions/A/Libraries/libCoreVMClient.dylib
0x000000000a4b8000 	/usr/lib/libcups.2.dylib
0x000000000a4b8000 	/System/Library/Frameworks/Kerberos.framework/Versions/A/Kerberos
0x000000000a4b8000 	/System/Library/Frameworks/GSS.framework/Versions/A/GSS
0x000000000a4b8000 	/usr/lib/libresolv.9.dylib
0x000000000a4b8000 	/usr/lib/libiconv.2.dylib
0x000000000a4b8000 	/System/Library/PrivateFrameworks/Heimdal.framework/Versions/A/Heimdal
0x000000000a4b8000 	/usr/lib/libheimdal-asn1.dylib
0x000000000a4b8000 	/System/Library/Frameworks/OpenDirectory.framework/Versions/A/OpenDirectory
0x000000000a4b8000 	/System/Library/PrivateFrameworks/CommonAuth.framework/Versions/A/CommonAuth
0x000000000a4b8000 	/System/Library/Frameworks/OpenDirectory.framework/Versions/A/Frameworks/CFOpenDirectory.framework/Versions/A/CFOpenDirectory
0x000000000a4b8000 	/System/Library/Frameworks/SecurityFoundation.framework/Versions/A/SecurityFoundation
0x000000000a4b8000 	/System/Library/PrivateFrameworks/LanguageModeling.framework/Versions/A/LanguageModeling
0x000000000a4b8000 	/usr/lib/libcmph.dylib
0x000000000a4b8000 	/System/Library/Frameworks/ServiceManagement.framework/Versions/A/ServiceManagement
0x000000000a4b8000 	/usr/lib/libxslt.1.dylib
0x000000000a4b8000 	/System/Library/Frameworks/Carbon.framework/Versions/A/Frameworks/Ink.framework/Versions/A/Ink
0x000000000a4b8000 	/System/Library/Frameworks/QuartzCore.framework/Versions/A/Frameworks/CoreImage.framework/Versions/A/CoreImage
0x000000000a4b8000 	/System/Library/PrivateFrameworks/CrashReporterSupport.framework/Versions/A/CrashReporterSupport
0x000000000a4b8000 	/System/Library/Frameworks/OpenCL.framework/Versions/A/OpenCL
0x000000000a4b8000 	/System/Library/PrivateFrameworks/FaceCore.framework/Versions/A/FaceCore
0x000000000a4b8000 	/System/Library/PrivateFrameworks/Ubiquity.framework/Versions/A/Ubiquity
0x000000000a4b8000 	/System/Library/PrivateFrameworks/IconServices.framework/Versions/A/IconServices
0x000000000a4b8000 	/System/Library/PrivateFrameworks/ChunkingLibrary.framework/Versions/A/ChunkingLibrary
0x000000000a4b8000 	/System/Library/PrivateFrameworks/Apple80211.framework/Versions/A/Apple80211
0x000000000a4b8000 	/System/Library/Frameworks/CoreWLAN.framework/Versions/A/CoreWLAN
0x000000000a4b8000 	/System/Library/Frameworks/IOBluetooth.framework/Versions/A/IOBluetooth
0x000000000a4b8000 	/System/Library/PrivateFrameworks/CoreWiFi.framework/Versions/A/CoreWiFi
0x000000000a4b8000 	/System/Library/Frameworks/CoreBluetooth.framework/Versions/A/CoreBluetooth
0x000000000a4b8000 	/System/Library/PrivateFrameworks/DebugSymbols.framework/Versions/A/DebugSymbols
0x000000000a4b8000 	/System/Library/PrivateFrameworks/CoreSymbolication.framework/Versions/A/CoreSymbolication
0x000000000a4b8000 	/System/Library/PrivateFrameworks/Symbolication.framework/Versions/A/Symbolication
0x000000000a4b8000 	/System/Library/PrivateFrameworks/SpeechRecognitionCore.framework/Versions/A/SpeechRecognitionCore
0x000000010baf2000 	/Library/Java/JavaVirtualMachines/jdk1.8.0_20.jdk/Contents/Home/jre/lib/server/libjvm.dylib
0x000000000a4b8000 	/usr/lib/libstdc++.6.dylib
0x000000010cb27000 	/Library/Java/JavaVirtualMachines/jdk1.8.0_20.jdk/Contents/Home/jre/lib/libverify.dylib
0x000000010cb35000 	/Library/Java/JavaVirtualMachines/jdk1.8.0_20.jdk/Contents/Home/jre/lib/libjava.dylib
0x000000010cb73000 	/Library/Java/JavaVirtualMachines/jdk1.8.0_20.jdk/Contents/Home/jre/lib/libzip.dylib
0x0000000120e8f000 	/System/Library/Frameworks/JavaVM.framework/Frameworks/JavaRuntimeSupport.framework/JavaRuntimeSupport
0x0000000120ea7000 	/System/Library/Frameworks/JavaVM.framework/Versions/A/Frameworks/JavaNativeFoundation.framework/Versions/A/JavaNativeFoundation
0x0000000120ebc000 	/System/Library/Frameworks/JavaVM.framework/Versions/A/JavaVM
0x000000000a4b8000 	/System/Library/Frameworks/Carbon.framework/Versions/A/Carbon
0x0000000120ec9000 	/System/Library/PrivateFrameworks/JavaLaunching.framework/Versions/A/JavaLaunching
0x000000000a4b8000 	/System/Library/Frameworks/Carbon.framework/Versions/A/Frameworks/CommonPanels.framework/Versions/A/CommonPanels
0x000000000a4b8000 	/System/Library/Frameworks/Carbon.framework/Versions/A/Frameworks/Help.framework/Versions/A/Help
0x000000000a4b8000 	/System/Library/Frameworks/Carbon.framework/Versions/A/Frameworks/ImageCapture.framework/Versions/A/ImageCapture
0x000000000a4b8000 	/System/Library/Frameworks/Carbon.framework/Versions/A/Frameworks/OpenScripting.framework/Versions/A/OpenScripting
0x000000000a4b8000 	/System/Library/Frameworks/Carbon.framework/Versions/A/Frameworks/Print.framework/Versions/A/Print
0x000000000a4b8000 	/System/Library/Frameworks/Carbon.framework/Versions/A/Frameworks/SecurityHI.framework/Versions/A/SecurityHI
0x0000000122d45000 	/Library/Java/JavaVirtualMachines/jdk1.8.0_20.jdk/Contents/Home/jre/lib/libawt.dylib
0x0000000122df4000 	/Library/Java/JavaVirtualMachines/jdk1.8.0_20.jdk/Contents/Home/jre/lib/./libmlib_image.dylib
0x0000000122ec0000 	/Library/Java/JavaVirtualMachines/jdk1.8.0_20.jdk/Contents/Home/jre/lib/libawt_lwawt.dylib
0x0000000122f73000 	/Library/Java/JavaVirtualMachines/jdk1.8.0_20.jdk/Contents/Home/jre/lib/./libosxapp.dylib
0x000000000a4b8000 	/System/Library/Frameworks/ExceptionHandling.framework/Versions/A/ExceptionHandling
0x000000000a4b8000 	/System/Library/PrivateFrameworks/CoreServicesInternal.framework/Versions/A/CoreServicesInternal
0x000000000a4b8000 	/System/Library/PrivateFrameworks/CloudDocs.framework/Versions/A/CloudDocs
0x000000000a4b8000 	/System/Library/PrivateFrameworks/CoreDuet.framework/Versions/A/CoreDuet
0x000000000a4b8000 	/System/Library/Frameworks/CloudKit.framework/Versions/A/CloudKit
0x000000000a4b8000 	/System/Library/PrivateFrameworks/ProtocolBuffer.framework/Versions/A/ProtocolBuffer
0x000000000a4b8000 	/System/Library/PrivateFrameworks/CoreDuetDaemonProtocol.framework/Versions/A/CoreDuetDaemonProtocol
0x000000000a4b8000 	/System/Library/PrivateFrameworks/CoreDuetDebugLogging.framework/Versions/A/CoreDuetDebugLogging
0x000000000a4b8000 	/System/Library/Frameworks/CoreLocation.framework/Versions/A/CoreLocation
0x000000000a4b8000 	/System/Library/Frameworks/Accounts.framework/Versions/A/Accounts
0x000000000a4b8000 	/System/Library/PrivateFrameworks/ApplePushService.framework/Versions/A/ApplePushService
0x000000000a4b8000 	/System/Library/PrivateFrameworks/GeoServices.framework/Versions/A/GeoServices
0x000000000a4b8000 	/System/Library/PrivateFrameworks/OAuth.framework/Versions/A/OAuth
0x000000000a4b8000 	/System/Library/PrivateFrameworks/CoreDaemon.framework/Versions/B/CoreDaemon
0x000000000a4b8000 	/usr/lib/libcrypto.0.9.8.dylib
0x000000000a4b8000 	/System/Library/PrivateFrameworks/AppleSRP.framework/Versions/A/AppleSRP
0x000000000a4b8000 	/System/Library/PrivateFrameworks/TrustEvaluationAgent.framework/Versions/A/TrustEvaluationAgent
0x000000000a4b8000 	/System/Library/Frameworks/CoreGraphics.framework/Versions/A/Resources/libCGCMS.A.dylib
0x000000000a4b8000 	/System/Library/Frameworks/CoreGraphics.framework/Versions/A/Resources/libRIP.A.dylib
0x000000000a4b8000 	/System/Library/PrivateFrameworks/FamilyControls.framework/Versions/A/FamilyControls
0x000000000a4b8000 	/System/Library/PrivateFrameworks/CommerceKit.framework/Versions/A/Frameworks/CommerceCore.framework/Versions/A/CommerceCore
0x000000000a4b8000 	/System/Library/PrivateFrameworks/SystemAdministration.framework/Versions/A/SystemAdministration
0x000000000a4b8000 	/System/Library/PrivateFrameworks/AppContainer.framework/Versions/A/AppContainer
0x000000000a4b8000 	/System/Library/PrivateFrameworks/SecCodeWrapper.framework/Versions/A/SecCodeWrapper
0x000000000a4b8000 	/System/Library/Frameworks/DirectoryService.framework/Versions/A/DirectoryService
0x000000000a4b8000 	/System/Library/PrivateFrameworks/DiskImages.framework/Versions/A/DiskImages
0x000000000a4b8000 	/System/Library/PrivateFrameworks/LoginUIKit.framework/Versions/A/Frameworks/LoginUICore.framework/Versions/A/LoginUICore
0x000000000a4b8000 	/usr/lib/libCoreStorage.dylib
0x000000000a4b8000 	/usr/lib/libcsfde.dylib
0x000000000a4b8000 	/usr/lib/libodfde.dylib
0x000000000a4b8000 	/System/Library/Frameworks/DiscRecording.framework/Versions/A/DiscRecording
0x000000000a4b8000 	/usr/lib/libcurl.4.dylib
0x000000000a4b8000 	/System/Library/PrivateFrameworks/MediaKit.framework/Versions/A/MediaKit
0x000000000a4b8000 	/System/Library/PrivateFrameworks/ProtectedCloudStorage.framework/Versions/A/ProtectedCloudStorage
0x000000000a4b8000 	/System/Library/PrivateFrameworks/EFILogin.framework/Versions/A/EFILogin
0x000000000a4b8000 	/usr/lib/libutil.dylib
0x000000000a4b8000 	/System/Library/PrivateFrameworks/FindMyDevice.framework/Versions/A/FindMyDevice
0x000000000a4b8000 	/System/Library/Frameworks/LDAP.framework/Versions/A/LDAP
0x000000000a4b8000 	/usr/lib/libsasl2.2.dylib
0x00000001262cf000 	/Library/Java/JavaVirtualMachines/jdk1.8.0_20.jdk/Contents/Home/jre/lib/libfontmanager.dylib
0x000000000a4b8000 	/System/Library/Frameworks/OpenGL.framework/Versions/A/Resources/GLEngine.bundle/GLEngine
0x000000000a4b8000 	/System/Library/Frameworks/OpenGL.framework/Versions/A/Libraries/libGLProgrammability.dylib
0x0000000000000000 	/System/Library/Extensions/AppleIntelHD5000GraphicsGLDriver.bundle/Contents/MacOS/AppleIntelHD5000GraphicsGLDriver
0x000000000a4b8000 	/System/Library/PrivateFrameworks/IOAccelerator.framework/Versions/A/IOAccelerator
0x000000000a4b8000 	/System/Library/PrivateFrameworks/GPUSupport.framework/Versions/A/Libraries/libGPUSupportMercury.dylib
0x000000000a4b8000 	/System/Library/Frameworks/OpenGL.framework/Versions/A/Resources/GLRendererFloat.bundle/GLRendererFloat
0x000000000a4b8000 	/System/Library/Frameworks/OpenCL.framework/Versions/A/Libraries/libcldcpuengine.dylib
0x0000000126d62000 	/Library/Java/JavaVirtualMachines/jdk1.8.0_20.jdk/Contents/Home/jre/lib/libosxui.dylib
0x000000012729a000 	/Library/Java/JavaVirtualMachines/jdk1.8.0_20.jdk/Contents/Home/jre/lib/libmanagement.dylib
0x000000000a4b8000 	/System/Library/Frameworks/CoreGraphics.framework/Versions/A/Resources/libCGXType.A.dylib
0x0000000120fbf000 	/private/var/folders/5n/_q4f_vln6pnbgchn4rkhwmsm0000gn/T/processing2557704486140646852menubar/libjAppleMenuBar.jnilib
0x0000000120fd7000 	cl_kernels
0x000000012a228000 	/System/Library/Frameworks/OpenCL.framework/Versions/A/Libraries/ImageFormats/unorm8_bgra.dylib
0x000000012735b000 	cl_kernels

VM Arguments:
jvm_args: -Dfile.encoding=UTF-8 
java_command: SoccerGameOrigional
java_class_path (initial): /Users/rreszetnik/Documents/workspace/SoccerGameOrigional/bin:/Users/rreszetnik/Desktop/Processing.app/Contents/Java/core/library/core.jar
Launcher Type: SUN_STANDARD

Environment Variables:
PATH=/usr/bin:/bin:/usr/sbin:/sbin
SHELL=/bin/bash

Signal Handlers:
SIGSEGV: [libjvm.dylib+0x578fd7], sa_mask[0]=11111111011111110111111111111111, sa_flags=SA_ONSTACK|SA_RESTART|SA_SIGINFO
SIGBUS: [libjvm.dylib+0x578fd7], sa_mask[0]=11111111011111110111111111111111, sa_flags=SA_RESTART|SA_SIGINFO
SIGFPE: [libjvm.dylib+0x45ab0c], sa_mask[0]=11111111011111110111111111111111, sa_flags=SA_RESTART|SA_SIGINFO
SIGPIPE: [libjvm.dylib+0x45ab0c], sa_mask[0]=11111111011111110111111111111111, sa_flags=SA_RESTART|SA_SIGINFO
SIGXFSZ: [libjvm.dylib+0x45ab0c], sa_mask[0]=11111111011111110111111111111111, sa_flags=SA_RESTART|SA_SIGINFO
SIGILL: [libjvm.dylib+0x45ab0c], sa_mask[0]=11111111011111110111111111111111, sa_flags=SA_RESTART|SA_SIGINFO
SIGUSR1: SIG_DFL, sa_mask[0]=00000000000000000000000000000000, sa_flags=none
SIGUSR2: [libjvm.dylib+0x45a62a], sa_mask[0]=00100000000000000000000000000000, sa_flags=SA_RESTART|SA_SIGINFO
SIGHUP: [libjvm.dylib+0x458bfd], sa_mask[0]=11111111011111110111111111111111, sa_flags=SA_RESTART|SA_SIGINFO
SIGINT: [libjvm.dylib+0x458bfd], sa_mask[0]=11111111011111110111111111111111, sa_flags=SA_RESTART|SA_SIGINFO
SIGTERM: [libjvm.dylib+0x458bfd], sa_mask[0]=11111111011111110111111111111111, sa_flags=SA_RESTART|SA_SIGINFO
SIGQUIT: [libjvm.dylib+0x458bfd], sa_mask[0]=11111111011111110111111111111111, sa_flags=SA_RESTART|SA_SIGINFO


---------------  S Y S T E M  ---------------

OS:Bsduname:Darwin 14.1.0 Darwin Kernel Version 14.1.0: Mon Dec 22 23:10:38 PST 2014; root:xnu-2782.10.72~2/RELEASE_X86_64 x86_64
rlimit: STACK 8192k, CORE 0k, NPROC 709, NOFILE 10240, AS infinity
load average:60.92 22.39 10.41

CPU:total 4 (2 cores per cpu, 2 threads per core) family 6 model 69 stepping 1, cmov, cx8, fxsr, mmx, sse, sse2, sse3, ssse3, sse4.1, sse4.2, popcnt, avx, avx2, aes, clmul, erms, lzcnt, ht, tsc, tscinvbit, bmi1, bmi2

Memory: 4k page, physical 4194304k(25552k free)

/proc/meminfo:


vm_info: Java HotSpot(TM) 64-Bit Server VM (25.20-b23) for bsd-amd64 JRE (1.8.0_20-b26), built on Jul 30 2014 13:37:47 by "java_re" with gcc 4.2.1 (Based on Apple Inc. build 5658) (LLVM build 2336.9.00)

time: Fri Sep 23 13:35:10 2016
elapsed time: 33 seconds (0d 0h 0m 33s)

