#
# A fatal error has been detected by the Java Runtime Environment:
#
#  SIGSEGV (0xb) at pc=0x00007fff8ed924b8, pid=17982, tid=4099
#
# JRE version: Java(TM) SE Runtime Environment (8.0_20-b26) (build 1.8.0_20-b26)
# Java VM: Java HotSpot(TM) 64-Bit Server VM (25.20-b23 mixed mode bsd-amd64 compressed oops)
# Problematic frame:
# C  [HIToolbox+0x244b8]  _ZN13HIMenuBarView17GetMenuTitleExtraEj+0x1e
#
# Failed to write core dump. Core dumps have been disabled. To enable core dumping, try "ulimit -c unlimited" before starting Java again
#
# If you would like to submit a bug report, please visit:
#   http://bugreport.sun.com/bugreport/crash.jsp
# The crash happened outside the Java Virtual Machine in native code.
# See problematic frame for where to report the bug.
#

---------------  T H R E A D  ---------------

Current thread (0x00007fb649808000):  JavaThread "main" [_thread_in_native, id=4099, stack(0x0000000103044000,0x0000000103144000)]

siginfo: si_signo: 11 (SIGSEGV), si_code: 1 (SEGV_MAPERR), si_addr: 0x0000000000000018

Registers:
RAX=0x0000000000000000, RBX=0x00007fb64862d0d0, RCX=0x00007fff7a530538, RDX=0x0000020000000001
RSP=0x0000000103141f50, RBP=0x0000000103141f60, RSI=0x0000000000000000, RDI=0x00007fb648564270
R8 =0x00007fb6486171f0, R9 =0x1ba6a3ee2c8b7d90, R10=0xffffffffffffffff, R11=0x00000000a7baad23
R12=0x0000000000000001, R13=0x00007fb64875d460, R14=0x00007fb648564270, R15=0x0000000000000001
RIP=0x00007fff8ed924b8, EFLAGS=0x0000000000010246, ERR=0x0000000000000004
  TRAPNO=0x000000000000000e

Top of Stack: (sp=0x0000000103141f50)
0x0000000103141f50:   00007fb648765cf0 0000000000000001
0x0000000103141f60:   0000000103141ff0 00007fff8ed922f9
0x0000000103141f70:   00007fb648564270 0000000100000000
0x0000000103141f80:   00000000000003e9 0002000200000000
0x0000000103141f90:   0000000000010000 0000000000000000
0x0000000103141fa0:   0000000103141fd0 0000000000000000
0x0000000103141fb0:   0000000000000000 00007fb64862ddc0
0x0000000103141fc0:   4063400000000000 00007fb64862d0d0
0x0000000103141fd0:   0000000000000001 0000000000000000
0x0000000103141fe0:   0000000000000000 00007fb648564270
0x0000000103141ff0:   0000000103142030 00007fff8ed92004
0x0000000103142000:   0000000103142030 42340000420c0000
0x0000000103142010:   0000000000000000 00007fb648564270
0x0000000103142020:   0000000000000000 00007fb648564270
0x0000000103142030:   0000000103142090 00007fff8ed91bb5
0x0000000103142040:   44b4000000000000 00007fb64875d460
0x0000000103142050:   0000000000000000 4120000041880000
0x0000000103142060:   4150000041f00000 0000000043580000
0x0000000103142070:   00000001031422b0 0000000000000000
0x0000000103142080:   00007fb648564270 00007fb648564270
0x0000000103142090:   0000000103142280 00007fff8ee66f12
0x00000001031420a0:   0000000000000000 0000000000000000
0x00000001031420b0:   4096800000000000 4036000000000000
0x00000001031420c0:   7a4ebc0101047a00 0000000000000000
0x00000001031420d0:   00007fff7bc04f90 00007fb648532330
0x00000001031420e0:   0000000103142140 00007fff7bc04f90
0x00000001031420f0:   0000000103142120 00007fff94136225
0x0000000103142100:   00007fb648618d88 00007fb64853a440
0x0000000103142110:   0000000000001100 00007fff91519df1
0x0000000103142120:   0000000103142180 00007fff8e162dd4
0x0000000103142130:   0000000100000000 0000000000000000
0x0000000103142140:   00007fb648666890 00007fb648564270 

Instructions: (pc=0x00007fff8ed924b8)
0x00007fff8ed92498:   90 90 55 48 89 e5 48 83 ec 10 0f b7 87 78 02 00
0x00007fff8ed924a8:   00 a8 02 74 12 85 f6 75 0e 48 8b 87 50 02 00 00
0x00007fff8ed924b8:   f3 0f 10 40 18 eb 13 48 8d 7d fe 31 f6 e8 10 00
0x00007fff8ed924c8:   00 00 0f bf 45 fe f3 0f 2a c0 48 83 c4 10 5d c3 

Register to memory mapping:

RAX=0x0000000000000000 is an unknown value
RBX=0x00007fb64862d0d0 is an unknown value
RCX=0x00007fff7a530538: OBJC_CLASS_$___NSCFString+0 in /System/Library/Frameworks/CoreFoundation.framework/Versions/A/CoreFoundation at 0x00007fff8a7af000
RDX=0x0000020000000001 is an unknown value
RSP=0x0000000103141f50 is pointing into the stack for thread: 0x00007fb649808000
RBP=0x0000000103141f60 is pointing into the stack for thread: 0x00007fb649808000
RSI=0x0000000000000000 is an unknown value
RDI=0x00007fb648564270 is an unknown value
R8 =0x00007fb6486171f0 is an unknown value
R9 =0x1ba6a3ee2c8b7d90 is an unknown value
R10=0xffffffffffffffff is an unknown value
R11=0x00000000a7baad23 is an unknown value
R12=0x0000000000000001 is an unknown value
R13=0x00007fb64875d460 is an unknown value
R14=0x00007fb648564270 is an unknown value
R15=0x0000000000000001 is an unknown value


Stack: [0x0000000103044000,0x0000000103144000],  sp=0x0000000103141f50,  free space=1015k
Native frames: (J=compiled Java code, j=interpreted, Vv=VM code, C=native code)
C  [HIToolbox+0x244b8]  _ZN13HIMenuBarView17GetMenuTitleExtraEj+0x1e
C  [HIToolbox+0x242f9]  _ZN13HIMenuBarView16MeasureMenuTitleEP8MenuDatahPfi+0x237
C  [HIToolbox+0x24004]  _ZN13HIMenuBarView15MeasureAppMenusEv+0xec
C  [HIToolbox+0x23bb5]  _ZN13HIMenuBarView15EnsureBarLayoutEv+0x1e5
C  [HIToolbox+0xf8f12]  _ZN13HIMenuBarView8DrawOnceE6CGRectS0_bbP9CGContext+0x214
C  [HIToolbox+0x238ff]  _ZN13HIMenuBarView8DrawSelfEsPK9__HIShapeP9CGContext+0x22f
C  [HIToolbox+0x2353d]  _ZN6HIView15DrawCacheOrSelfEsPK9__HIShapeP9CGContext+0x157
C  [HIToolbox+0x1398a]  _ZN6HIView12EventHandlerEP25OpaqueEventHandlerCallRefP14OpaqueEventRefPv+0xbae
C  [HIToolbox+0x898c]  _ZL23DispatchEventToHandlersP14EventTargetRecP14OpaqueEventRefP14HandlerCallRec+0x4ec
C  [HIToolbox+0x7dce]  _ZL30SendEventToEventTargetInternalP14OpaqueEventRefP20OpaqueEventTargetRefP14HandlerCallRec+0x182
C  [HIToolbox+0x7c42]  SendEventToEventTargetWithOptions+0x2b
C  [HIToolbox+0x23399]  _ZN6HIView8SendDrawEsP13OpaqueGrafPtrPK9__HIShapeP9CGContext+0x151
C  [HIToolbox+0x22d22]  _ZN6HIView23RecursiveDrawCompositedEPK9__HIShapeS2_jPS_P9CGContexthd+0x2c6
C  [HIToolbox+0x22f9e]  _ZN6HIView23RecursiveDrawCompositedEPK9__HIShapeS2_jPS_P9CGContexthd+0x542
C  [HIToolbox+0x21c5b]  _ZN6HIView14DrawCompositedEsP13OpaqueGrafPtrPK9__HIShapejPS_P9CGContext+0x3c5
C  [HIToolbox+0x21884]  _ZN6HIView6RenderEjP9CGContext+0x36
C  [HIToolbox+0x20fb8]  _ZN10WindowData20PrepareForVisibilityEv+0xa8
C  [HIToolbox+0x1fe70]  _ShowHideWindows+0x189
C  [HIToolbox+0x1fce1]  ShowHide+0x22
C  [HIToolbox+0x11dcd]  _ZN9MBWindows12CreateWindowE6CGRectj+0x179
C  [HIToolbox+0x119f6]  _ZN9MBWindows20GetWindowIDOnDisplayEjh+0xae
C  [HIToolbox+0x2c7b0]  _GetMenuBarWindowOnDisplay+0x1e
C  [HIToolbox+0x2c72d]  _Z23GetMenuBarViewOnDisplayP8MenuDatajh+0x30
C  [HIToolbox+0x2d6ea]  _ZN15MenuBarInstance15SetServerBoundsEv+0x26
C  [HIToolbox+0x8b3a9]  _ZN15MenuBarInstance10HideWindowE21MenuBarAnimationStyleh+0xc7
C  [HIToolbox+0x8b28c]  _ZN15MenuBarInstance4HideE21MenuBarAnimationStylehhPh+0xc8
C  [HIToolbox+0x1b058d]  _ZN15MenuBarInstance21UpdateAggregateUIModeE21MenuBarAnimationStylehhh+0x289
C  [HIToolbox+0x2dd19]  _ZN15MenuBarInstance16ForEachMenuBarDoEU13block_pointerFvPS_E+0x2f
C  [HIToolbox+0x10fbb]  SetSystemUIMode+0xfe
j  japplemenubar.JAppleMenuBar.setVisible(ZZ)V+0
j  japplemenubar.JAppleMenuBar.hide()V+5
j  processing.core.PApplet.hideMenuBar()V+7
j  processing.awt.PSurfaceAWT.setFullFrame()V+0
j  processing.awt.PSurfaceAWT.placeWindow([I[I)V+40
j  processing.core.PApplet.runSketch([Ljava/lang/String;Lprocessing/core/PApplet;)V+728
j  processing.core.PApplet.main(Ljava/lang/String;[Ljava/lang/String;)V+21
j  processing.core.PApplet.main(Ljava/lang/String;)V+2
j  SoccerGameOrigional.main([Ljava/lang/String;)V+2
v  ~StubRoutines::call_stub
V  [libjvm.dylib+0x2d429e]
V  [libjvm.dylib+0x309377]
V  [libjvm.dylib+0x302571]
C  [java+0x2c82]  JavaMain+0x998
C  [libsystem_pthread.dylib+0x3268]  _pthread_body+0x83
C  [libsystem_pthread.dylib+0x31e5]  _pthread_body+0x0
C  [libsystem_pthread.dylib+0x141d]  thread_start+0xd
C  0x0000000000000000

Java frames: (J=compiled Java code, j=interpreted, Vv=VM code)
j  japplemenubar.JAppleMenuBar.setVisible(ZZ)V+0
j  japplemenubar.JAppleMenuBar.hide()V+5
j  processing.core.PApplet.hideMenuBar()V+7
j  processing.awt.PSurfaceAWT.setFullFrame()V+0
j  processing.awt.PSurfaceAWT.placeWindow([I[I)V+40
j  processing.core.PApplet.runSketch([Ljava/lang/String;Lprocessing/core/PApplet;)V+728
j  processing.core.PApplet.main(Ljava/lang/String;[Ljava/lang/String;)V+21
j  processing.core.PApplet.main(Ljava/lang/String;)V+2
j  SoccerGameOrigional.main([Ljava/lang/String;)V+2
v  ~StubRoutines::call_stub

---------------  P R O C E S S  ---------------

Java Threads: ( => current thread )
  0x00007fb64a0e8800 JavaThread "AWT-EventQueue-0" [_thread_blocked, id=45327, stack(0x000000011ef92000,0x000000011f092000)]
  0x00007fb649871000 JavaThread "AWT-Shutdown" [_thread_blocked, id=24643, stack(0x000000011d9e0000,0x000000011dae0000)]
  0x00007fb64909c000 JavaThread "Java2D Disposer" daemon [_thread_blocked, id=47903, stack(0x000000011d2af000,0x000000011d3af000)]
  0x00007fb649850000 JavaThread "Java2D Queue Flusher" daemon [_thread_blocked, id=46087, stack(0x000000011c8e9000,0x000000011c9e9000)]
  0x00007fb64a048800 JavaThread "AppKit Thread" daemon [_thread_in_native, id=1811, stack(0x00007fff5d3d6000,0x00007fff5dbd6000)]
  0x00007fb64a013800 JavaThread "Service Thread" daemon [_thread_blocked, id=18435, stack(0x0000000119112000,0x0000000119212000)]
  0x00007fb64981f000 JavaThread "C1 CompilerThread2" daemon [_thread_blocked, id=17923, stack(0x000000011900f000,0x000000011910f000)]
  0x00007fb648841800 JavaThread "C2 CompilerThread1" daemon [_thread_blocked, id=17411, stack(0x0000000118f0c000,0x000000011900c000)]
  0x00007fb64981e000 JavaThread "C2 CompilerThread0" daemon [_thread_blocked, id=16899, stack(0x0000000118e09000,0x0000000118f09000)]
  0x00007fb649019000 JavaThread "Signal Dispatcher" daemon [_thread_blocked, id=16415, stack(0x0000000118d06000,0x0000000118e06000)]
  0x00007fb649812800 JavaThread "Finalizer" daemon [_thread_blocked, id=12035, stack(0x00000001173cd000,0x00000001174cd000)]
  0x00007fb649811800 JavaThread "Reference Handler" daemon [_thread_blocked, id=11523, stack(0x00000001172ca000,0x00000001173ca000)]
=>0x00007fb649808000 JavaThread "main" [_thread_in_native, id=4099, stack(0x0000000103044000,0x0000000103144000)]

Other Threads:
  0x00007fb64980f000 VMThread [stack: 0x00000001171c7000,0x00000001172c7000] [id=11011]
  0x00007fb649019800 WatcherThread [stack: 0x0000000119215000,0x0000000119315000] [id=18947]

VM state:not at safepoint (normal execution)

VM Mutex/Monitor currently owned by a thread: None

Heap:
 PSYoungGen      total 18944K, used 11249K [0x00000007aab00000, 0x00000007ac000000, 0x00000007c0000000)
  eden space 16384K, 68% used [0x00000007aab00000,0x00000007ab5fc5d0,0x00000007abb00000)
  from space 2560K, 0% used [0x00000007abd80000,0x00000007abd80000,0x00000007ac000000)
  to   space 2560K, 0% used [0x00000007abb00000,0x00000007abb00000,0x00000007abd80000)
 ParOldGen       total 44032K, used 0K [0x0000000780000000, 0x0000000782b00000, 0x00000007aab00000)
  object space 44032K, 0% used [0x0000000780000000,0x0000000780000000,0x0000000782b00000)
 Metaspace       used 9234K, capacity 9394K, committed 9600K, reserved 1058816K
  class space    used 1071K, capacity 1111K, committed 1152K, reserved 1048576K

Card table byte_map: [0x0000000112dc0000,0x0000000112fc1000] byte_map_base: 0x000000010f1c0000

Marking Bits: (ParMarkBitMap*) 0x00000001029c4330
 Begin Bits: [0x0000000113523000, 0x0000000114523000)
 End Bits:   [0x0000000114523000, 0x0000000115523000)

Polling page: 0x000000010319f000

CodeCache: size=245760Kb used=1885Kb max_used=1885Kb free=243874Kb
 bounds [0x0000000103a00000, 0x0000000103c70000, 0x0000000112a00000]
 total_blobs=809 nmethods=326 adapters=398
 compilation: enabled

Compilation events (10 events):
Event: 42.497 Thread 0x00007fb64981f000  347       3       sun.java2d.pipe.RenderQueue::unlock (4 bytes)
Event: 42.498 Thread 0x00007fb64981f000 nmethod 347 0x0000000103bd5a90 code [0x0000000103bd5c20, 0x0000000103bd5f88]
Event: 42.498 Thread 0x00007fb64981f000  348       3       sun.awt.SunToolkit::awtUnlock (7 bytes)
Event: 42.499 Thread 0x00007fb64981f000 nmethod 348 0x0000000103bd6110 code [0x0000000103bd6280, 0x0000000103bd6568]
Event: 50.339 Thread 0x00007fb64981f000  349       3       java.util.concurrent.locks.AbstractQueuedSynchronizer::setState (6 bytes)
Event: 50.340 Thread 0x00007fb64981f000 nmethod 349 0x0000000103bd6690 code [0x0000000103bd67e0, 0x0000000103bd6930]
Event: 50.750 Thread 0x00007fb64981f000  350       3       java.util.concurrent.locks.AbstractQueuedSynchronizer::release (33 bytes)
Event: 50.751 Thread 0x00007fb64981f000 nmethod 350 0x0000000103bd6990 code [0x0000000103bd6b20, 0x0000000103bd6e38]
Event: 50.751 Thread 0x00007fb64981f000  351       3       java.util.concurrent.locks.ReentrantLock$Sync::tryRelease (45 bytes)
Event: 50.752 Thread 0x00007fb64981f000 nmethod 351 0x0000000103bd6f10 code [0x0000000103bd70a0, 0x0000000103bd7628]

GC Heap History (0 events):
No events

Deoptimization events (0 events):
No events

Internal exceptions (10 events):
Event: 18.211 Thread 0x00007fb649808000 Exception <a 'java/security/PrivilegedActionException'> (0x00000007ab0980f8) thrown at [/HUDSON3/workspace/8-2-build-macosx-x86_64/jdk8u20/1074/hotspot/src/share/vm/prims/jvm.cpp, line 1275]
Event: 18.212 Thread 0x00007fb649808000 Exception <a 'java/security/PrivilegedActionException'> (0x00000007ab09bfc0) thrown at [/HUDSON3/workspace/8-2-build-macosx-x86_64/jdk8u20/1074/hotspot/src/share/vm/prims/jvm.cpp, line 1275]
Event: 18.832 Thread 0x00007fb649808000 Exception <a 'java/security/PrivilegedActionException'> (0x00000007ab132708) thrown at [/HUDSON3/workspace/8-2-build-macosx-x86_64/jdk8u20/1074/hotspot/src/share/vm/prims/jvm.cpp, line 1275]
Event: 18.835 Thread 0x00007fb649808000 Exception <a 'java/security/PrivilegedActionException'> (0x00000007ab133cc8) thrown at [/HUDSON3/workspace/8-2-build-macosx-x86_64/jdk8u20/1074/hotspot/src/share/vm/prims/jvm.cpp, line 1275]
Event: 18.851 Thread 0x00007fb649808000 Exception <a 'java/security/PrivilegedActionException'> (0x00000007ab137ad0) thrown at [/HUDSON3/workspace/8-2-build-macosx-x86_64/jdk8u20/1074/hotspot/src/share/vm/prims/jvm.cpp, line 1275]
Event: 18.851 Thread 0x00007fb649808000 Exception <a 'java/security/PrivilegedActionException'> (0x00000007ab1390c0) thrown at [/HUDSON3/workspace/8-2-build-macosx-x86_64/jdk8u20/1074/hotspot/src/share/vm/prims/jvm.cpp, line 1275]
Event: 18.854 Thread 0x00007fb649808000 Exception <a 'java/security/PrivilegedActionException'> (0x00000007ab145278) thrown at [/HUDSON3/workspace/8-2-build-macosx-x86_64/jdk8u20/1074/hotspot/src/share/vm/prims/jvm.cpp, line 1275]
Event: 18.854 Thread 0x00007fb649808000 Exception <a 'java/security/PrivilegedActionException'> (0x00000007ab146a48) thrown at [/HUDSON3/workspace/8-2-build-macosx-x86_64/jdk8u20/1074/hotspot/src/share/vm/prims/jvm.cpp, line 1275]
Event: 33.212 Thread 0x00007fb649808000 Exception <a 'java/security/PrivilegedActionException'> (0x00000007ab1dcd00) thrown at [/HUDSON3/workspace/8-2-build-macosx-x86_64/jdk8u20/1074/hotspot/src/share/vm/prims/jvm.cpp, line 1275]
Event: 33.226 Thread 0x00007fb649808000 Exception <a 'java/security/PrivilegedActionException'> (0x00000007ab1e0dd8) thrown at [/HUDSON3/workspace/8-2-build-macosx-x86_64/jdk8u20/1074/hotspot/src/share/vm/prims/jvm.cpp, line 1275]

Events (10 events):
Event: 33.809 loading class java/lang/Shutdown$Lock
Event: 33.832 loading class java/lang/Shutdown$Lock done
Event: 33.885 Executing VM operation: RevokeBias
Event: 33.885 Executing VM operation: RevokeBias done
Event: 33.885 Executing VM operation: RevokeBias
Event: 33.885 Executing VM operation: RevokeBias done
Event: 33.885 Executing VM operation: RevokeBias
Event: 33.885 Executing VM operation: RevokeBias done
Event: 33.888 loading class java/io/FileOutputStream$1
Event: 33.888 loading class java/io/FileOutputStream$1 done


Dynamic libraries:
0x000000000a4b8000 	/System/Library/Frameworks/Cocoa.framework/Versions/A/Cocoa
0x000000000a4b8000 	/System/Library/Frameworks/Security.framework/Versions/A/Security
0x000000000a4b8000 	/System/Library/Frameworks/ApplicationServices.framework/Versions/A/ApplicationServices
0x000000000a4b8000 	/usr/lib/libz.1.dylib
0x000000000a4b8000 	/usr/lib/libSystem.B.dylib
0x000000000a4b8000 	/usr/lib/libobjc.A.dylib
0x000000000a4b8000 	/System/Library/Frameworks/CoreFoundation.framework/Versions/A/CoreFoundation
0x000000000a4b8000 	/System/Library/Frameworks/Foundation.framework/Versions/C/Foundation
0x000000000a4b8000 	/System/Library/Frameworks/AppKit.framework/Versions/C/AppKit
0x000000000a4b8000 	/System/Library/Frameworks/CoreData.framework/Versions/A/CoreData
0x000000000a4b8000 	/System/Library/PrivateFrameworks/RemoteViewServices.framework/Versions/A/RemoteViewServices
0x000000000a4b8000 	/System/Library/PrivateFrameworks/UIFoundation.framework/Versions/A/UIFoundation
0x000000000a4b8000 	/System/Library/Frameworks/IOSurface.framework/Versions/A/IOSurface
0x000000000a4b8000 	/System/Library/Frameworks/AudioToolbox.framework/Versions/A/AudioToolbox
0x000000000a4b8000 	/System/Library/Frameworks/AudioUnit.framework/Versions/A/AudioUnit
0x000000000a4b8000 	/System/Library/PrivateFrameworks/DataDetectorsCore.framework/Versions/A/DataDetectorsCore
0x000000000a4b8000 	/System/Library/PrivateFrameworks/DesktopServicesPriv.framework/Versions/A/DesktopServicesPriv
0x000000000a4b8000 	/System/Library/Frameworks/Carbon.framework/Versions/A/Frameworks/HIToolbox.framework/Versions/A/HIToolbox
0x000000000a4b8000 	/System/Library/Frameworks/QuartzCore.framework/Versions/A/QuartzCore
0x000000000a4b8000 	/System/Library/Frameworks/Carbon.framework/Versions/A/Frameworks/SpeechRecognition.framework/Versions/A/SpeechRecognition
0x000000000a4b8000 	/usr/lib/libauto.dylib
0x000000000a4b8000 	/usr/lib/libicucore.A.dylib
0x000000000a4b8000 	/usr/lib/libxml2.2.dylib
0x000000000a4b8000 	/System/Library/PrivateFrameworks/CoreUI.framework/Versions/A/CoreUI
0x000000000a4b8000 	/System/Library/Frameworks/CoreAudio.framework/Versions/A/CoreAudio
0x000000000a4b8000 	/System/Library/Frameworks/DiskArbitration.framework/Versions/A/DiskArbitration
0x000000000a4b8000 	/usr/lib/liblangid.dylib
0x000000000a4b8000 	/System/Library/PrivateFrameworks/MultitouchSupport.framework/Versions/A/MultitouchSupport
0x000000000a4b8000 	/System/Library/Frameworks/IOKit.framework/Versions/A/IOKit
0x000000000a4b8000 	/usr/lib/libDiagnosticMessagesClient.dylib
0x000000000a4b8000 	/System/Library/Frameworks/CoreServices.framework/Versions/A/CoreServices
0x000000000a4b8000 	/System/Library/PrivateFrameworks/PerformanceAnalysis.framework/Versions/A/PerformanceAnalysis
0x000000000a4b8000 	/System/Library/PrivateFrameworks/GenerationalStorage.framework/Versions/A/GenerationalStorage
0x000000000a4b8000 	/System/Library/Frameworks/OpenGL.framework/Versions/A/OpenGL
0x000000000a4b8000 	/System/Library/PrivateFrameworks/Sharing.framework/Versions/A/Sharing
0x000000000a4b8000 	/System/Library/Frameworks/CoreGraphics.framework/Versions/A/CoreGraphics
0x000000000a4b8000 	/System/Library/Frameworks/CoreText.framework/Versions/A/CoreText
0x000000000a4b8000 	/System/Library/Frameworks/ImageIO.framework/Versions/A/ImageIO
0x000000000a4b8000 	/usr/lib/libextension.dylib
0x000000000a4b8000 	/System/Library/PrivateFrameworks/Backup.framework/Versions/A/Backup
0x000000000a4b8000 	/usr/lib/libarchive.2.dylib
0x000000000a4b8000 	/System/Library/Frameworks/CFNetwork.framework/Versions/A/CFNetwork
0x000000000a4b8000 	/System/Library/Frameworks/SystemConfiguration.framework/Versions/A/SystemConfiguration
0x000000000a4b8000 	/usr/lib/libCRFSuite.dylib
0x000000000a4b8000 	/usr/lib/libc++.1.dylib
0x000000000a4b8000 	/usr/lib/libc++abi.dylib
0x000000000a4b8000 	/usr/lib/system/libcache.dylib
0x000000000a4b8000 	/usr/lib/system/libcommonCrypto.dylib
0x000000000a4b8000 	/usr/lib/system/libcompiler_rt.dylib
0x000000000a4b8000 	/usr/lib/system/libcopyfile.dylib
0x000000000a4b8000 	/usr/lib/system/libcorecrypto.dylib
0x000000000a4b8000 	/usr/lib/system/libdispatch.dylib
0x000000000a4b8000 	/usr/lib/system/libdyld.dylib
0x000000000a4b8000 	/usr/lib/system/libkeymgr.dylib
0x000000000a4b8000 	/usr/lib/system/liblaunch.dylib
0x000000000a4b8000 	/usr/lib/system/libmacho.dylib
0x000000000a4b8000 	/usr/lib/system/libquarantine.dylib
0x000000000a4b8000 	/usr/lib/system/libremovefile.dylib
0x000000000a4b8000 	/usr/lib/system/libsystem_asl.dylib
0x000000000a4b8000 	/usr/lib/system/libsystem_blocks.dylib
0x000000000a4b8000 	/usr/lib/system/libsystem_c.dylib
0x000000000a4b8000 	/usr/lib/system/libsystem_configuration.dylib
0x000000000a4b8000 	/usr/lib/system/libsystem_coreservices.dylib
0x000000000a4b8000 	/usr/lib/system/libsystem_coretls.dylib
0x000000000a4b8000 	/usr/lib/system/libsystem_dnssd.dylib
0x000000000a4b8000 	/usr/lib/system/libsystem_info.dylib
0x000000000a4b8000 	/usr/lib/system/libsystem_kernel.dylib
0x000000000a4b8000 	/usr/lib/system/libsystem_m.dylib
0x000000000a4b8000 	/usr/lib/system/libsystem_malloc.dylib
0x000000000a4b8000 	/usr/lib/system/libsystem_network.dylib
0x000000000a4b8000 	/usr/lib/system/libsystem_networkextension.dylib
0x000000000a4b8000 	/usr/lib/system/libsystem_notify.dylib
0x000000000a4b8000 	/usr/lib/system/libsystem_platform.dylib
0x000000000a4b8000 	/usr/lib/system/libsystem_pthread.dylib
0x000000000a4b8000 	/usr/lib/system/libsystem_sandbox.dylib
0x000000000a4b8000 	/usr/lib/system/libsystem_secinit.dylib
0x000000000a4b8000 	/usr/lib/system/libsystem_stats.dylib
0x000000000a4b8000 	/usr/lib/system/libsystem_trace.dylib
0x000000000a4b8000 	/usr/lib/system/libunc.dylib
0x000000000a4b8000 	/usr/lib/system/libunwind.dylib
0x000000000a4b8000 	/usr/lib/system/libxpc.dylib
0x000000000a4b8000 	/usr/lib/libbz2.1.0.dylib
0x000000000a4b8000 	/usr/lib/liblzma.5.dylib
0x000000000a4b8000 	/usr/lib/libbsm.0.dylib
0x000000000a4b8000 	/usr/lib/libsqlite3.dylib
0x000000000a4b8000 	/usr/lib/system/libkxld.dylib
0x000000000a4b8000 	/usr/lib/libxar.1.dylib
0x000000000a4b8000 	/usr/lib/libpam.2.dylib
0x000000000a4b8000 	/usr/lib/libOpenScriptingUtil.dylib
0x000000000a4b8000 	/System/Library/Frameworks/CoreServices.framework/Versions/A/Frameworks/FSEvents.framework/Versions/A/FSEvents
0x000000000a4b8000 	/System/Library/Frameworks/CoreServices.framework/Versions/A/Frameworks/CarbonCore.framework/Versions/A/CarbonCore
0x000000000a4b8000 	/System/Library/Frameworks/CoreServices.framework/Versions/A/Frameworks/Metadata.framework/Versions/A/Metadata
0x000000000a4b8000 	/System/Library/Frameworks/CoreServices.framework/Versions/A/Frameworks/OSServices.framework/Versions/A/OSServices
0x000000000a4b8000 	/System/Library/Frameworks/CoreServices.framework/Versions/A/Frameworks/SearchKit.framework/Versions/A/SearchKit
0x000000000a4b8000 	/System/Library/Frameworks/CoreServices.framework/Versions/A/Frameworks/AE.framework/Versions/A/AE
0x000000000a4b8000 	/System/Library/Frameworks/CoreServices.framework/Versions/A/Frameworks/LaunchServices.framework/Versions/A/LaunchServices
0x000000000a4b8000 	/System/Library/Frameworks/CoreServices.framework/Versions/A/Frameworks/DictionaryServices.framework/Versions/A/DictionaryServices
0x000000000a4b8000 	/System/Library/Frameworks/NetFS.framework/Versions/A/NetFS
0x000000000a4b8000 	/System/Library/PrivateFrameworks/NetAuth.framework/Versions/A/NetAuth
0x000000000a4b8000 	/System/Library/PrivateFrameworks/login.framework/Versions/A/Frameworks/loginsupport.framework/Versions/A/loginsupport
0x000000000a4b8000 	/System/Library/PrivateFrameworks/TCC.framework/Versions/A/TCC
0x000000000a4b8000 	/usr/lib/libmecabra.dylib
0x000000000a4b8000 	/System/Library/Frameworks/ApplicationServices.framework/Versions/A/Frameworks/ATS.framework/Versions/A/ATS
0x000000000a4b8000 	/System/Library/Frameworks/ApplicationServices.framework/Versions/A/Frameworks/ColorSync.framework/Versions/A/ColorSync
0x000000000a4b8000 	/System/Library/Frameworks/ApplicationServices.framework/Versions/A/Frameworks/HIServices.framework/Versions/A/HIServices
0x000000000a4b8000 	/System/Library/Frameworks/ApplicationServices.framework/Versions/A/Frameworks/LangAnalysis.framework/Versions/A/LangAnalysis
0x000000000a4b8000 	/System/Library/Frameworks/ApplicationServices.framework/Versions/A/Frameworks/PrintCore.framework/Versions/A/PrintCore
0x000000000a4b8000 	/System/Library/Frameworks/ApplicationServices.framework/Versions/A/Frameworks/QD.framework/Versions/A/QD
0x000000000a4b8000 	/System/Library/Frameworks/ApplicationServices.framework/Versions/A/Frameworks/SpeechSynthesis.framework/Versions/A/SpeechSynthesis
0x000000000a4b8000 	/System/Library/Frameworks/Accelerate.framework/Versions/A/Accelerate
0x000000000a4b8000 	/System/Library/Frameworks/Accelerate.framework/Versions/A/Frameworks/vImage.framework/Versions/A/vImage
0x000000000a4b8000 	/System/Library/Frameworks/Accelerate.framework/Versions/A/Frameworks/vecLib.framework/Versions/A/vecLib
0x000000000a4b8000 	/System/Library/Frameworks/Accelerate.framework/Versions/A/Frameworks/vecLib.framework/Versions/A/libvDSP.dylib
0x000000000a4b8000 	/System/Library/Frameworks/Accelerate.framework/Versions/A/Frameworks/vecLib.framework/Versions/A/libvMisc.dylib
0x000000000a4b8000 	/System/Library/Frameworks/Accelerate.framework/Versions/A/Frameworks/vecLib.framework/Versions/A/libLAPACK.dylib
0x000000000a4b8000 	/System/Library/Frameworks/Accelerate.framework/Versions/A/Frameworks/vecLib.framework/Versions/A/libBLAS.dylib
0x000000000a4b8000 	/System/Library/Frameworks/Accelerate.framework/Versions/A/Frameworks/vecLib.framework/Versions/A/libLinearAlgebra.dylib
0x000000000a4b8000 	/System/Library/Frameworks/ApplicationServices.framework/Versions/A/Frameworks/ATS.framework/Versions/A/Resources/libFontParser.dylib
0x000000000a4b8000 	/System/Library/Frameworks/ApplicationServices.framework/Versions/A/Frameworks/ATS.framework/Versions/A/Resources/libFontRegistry.dylib
0x000000000a4b8000 	/System/Library/PrivateFrameworks/AppleVPA.framework/Versions/A/AppleVPA
0x000000000a4b8000 	/System/Library/PrivateFrameworks/AppleJPEG.framework/Versions/A/AppleJPEG
0x000000000a4b8000 	/System/Library/Frameworks/ImageIO.framework/Versions/A/Resources/libJPEG.dylib
0x000000000a4b8000 	/System/Library/Frameworks/ImageIO.framework/Versions/A/Resources/libTIFF.dylib
0x000000000a4b8000 	/System/Library/Frameworks/ImageIO.framework/Versions/A/Resources/libPng.dylib
0x000000000a4b8000 	/System/Library/Frameworks/ImageIO.framework/Versions/A/Resources/libGIF.dylib
0x000000000a4b8000 	/System/Library/Frameworks/ImageIO.framework/Versions/A/Resources/libJP2.dylib
0x000000000a4b8000 	/System/Library/Frameworks/ImageIO.framework/Versions/A/Resources/libRadiance.dylib
0x000000000a4b8000 	/System/Library/Frameworks/CoreVideo.framework/Versions/A/CoreVideo
0x000000000a4b8000 	/System/Library/Frameworks/OpenGL.framework/Versions/A/Libraries/libGLU.dylib
0x000000000a4b8000 	/System/Library/Frameworks/OpenGL.framework/Versions/A/Libraries/libGFXShared.dylib
0x000000000a4b8000 	/System/Library/Frameworks/OpenGL.framework/Versions/A/Libraries/libGL.dylib
0x000000000a4b8000 	/System/Library/Frameworks/OpenGL.framework/Versions/A/Libraries/libGLImage.dylib
0x000000000a4b8000 	/System/Library/Frameworks/OpenGL.framework/Versions/A/Libraries/libCVMSPluginSupport.dylib
0x000000000a4b8000 	/System/Library/Frameworks/OpenGL.framework/Versions/A/Libraries/libCoreVMClient.dylib
0x000000000a4b8000 	/usr/lib/libcups.2.dylib
0x000000000a4b8000 	/System/Library/Frameworks/Kerberos.framework/Versions/A/Kerberos
0x000000000a4b8000 	/System/Library/Frameworks/GSS.framework/Versions/A/GSS
0x000000000a4b8000 	/usr/lib/libresolv.9.dylib
0x000000000a4b8000 	/usr/lib/libiconv.2.dylib
0x000000000a4b8000 	/System/Library/PrivateFrameworks/Heimdal.framework/Versions/A/Heimdal
0x000000000a4b8000 	/usr/lib/libheimdal-asn1.dylib
0x000000000a4b8000 	/System/Library/Frameworks/OpenDirectory.framework/Versions/A/OpenDirectory
0x000000000a4b8000 	/System/Library/PrivateFrameworks/CommonAuth.framework/Versions/A/CommonAuth
0x000000000a4b8000 	/System/Library/Frameworks/OpenDirectory.framework/Versions/A/Frameworks/CFOpenDirectory.framework/Versions/A/CFOpenDirectory
0x000000000a4b8000 	/System/Library/Frameworks/SecurityFoundation.framework/Versions/A/SecurityFoundation
0x000000000a4b8000 	/System/Library/PrivateFrameworks/LanguageModeling.framework/Versions/A/LanguageModeling
0x000000000a4b8000 	/usr/lib/libcmph.dylib
0x000000000a4b8000 	/System/Library/Frameworks/ServiceManagement.framework/Versions/A/ServiceManagement
0x000000000a4b8000 	/usr/lib/libxslt.1.dylib
0x000000000a4b8000 	/System/Library/Frameworks/Carbon.framework/Versions/A/Frameworks/Ink.framework/Versions/A/Ink
0x000000000a4b8000 	/System/Library/Frameworks/QuartzCore.framework/Versions/A/Frameworks/CoreImage.framework/Versions/A/CoreImage
0x000000000a4b8000 	/System/Library/PrivateFrameworks/CrashReporterSupport.framework/Versions/A/CrashReporterSupport
0x000000000a4b8000 	/System/Library/Frameworks/OpenCL.framework/Versions/A/OpenCL
0x000000000a4b8000 	/System/Library/PrivateFrameworks/FaceCore.framework/Versions/A/FaceCore
0x000000000a4b8000 	/System/Library/PrivateFrameworks/Ubiquity.framework/Versions/A/Ubiquity
0x000000000a4b8000 	/System/Library/PrivateFrameworks/IconServices.framework/Versions/A/IconServices
0x000000000a4b8000 	/System/Library/PrivateFrameworks/ChunkingLibrary.framework/Versions/A/ChunkingLibrary
0x000000000a4b8000 	/System/Library/PrivateFrameworks/Apple80211.framework/Versions/A/Apple80211
0x000000000a4b8000 	/System/Library/Frameworks/CoreWLAN.framework/Versions/A/CoreWLAN
0x000000000a4b8000 	/System/Library/Frameworks/IOBluetooth.framework/Versions/A/IOBluetooth
0x000000000a4b8000 	/System/Library/PrivateFrameworks/CoreWiFi.framework/Versions/A/CoreWiFi
0x000000000a4b8000 	/System/Library/Frameworks/CoreBluetooth.framework/Versions/A/CoreBluetooth
0x000000000a4b8000 	/System/Library/PrivateFrameworks/DebugSymbols.framework/Versions/A/DebugSymbols
0x000000000a4b8000 	/System/Library/PrivateFrameworks/CoreSymbolication.framework/Versions/A/CoreSymbolication
0x000000000a4b8000 	/System/Library/PrivateFrameworks/Symbolication.framework/Versions/A/Symbolication
0x000000000a4b8000 	/System/Library/PrivateFrameworks/SpeechRecognitionCore.framework/Versions/A/SpeechRecognitionCore
0x0000000102128000 	/Library/Java/JavaVirtualMachines/jdk1.8.0_20.jdk/Contents/Home/jre/lib/server/libjvm.dylib
0x000000000a4b8000 	/usr/lib/libstdc++.6.dylib
0x000000010315d000 	/Library/Java/JavaVirtualMachines/jdk1.8.0_20.jdk/Contents/Home/jre/lib/libverify.dylib
0x000000010316b000 	/Library/Java/JavaVirtualMachines/jdk1.8.0_20.jdk/Contents/Home/jre/lib/libjava.dylib
0x00000001031a9000 	/Library/Java/JavaVirtualMachines/jdk1.8.0_20.jdk/Contents/Home/jre/lib/libzip.dylib
0x00000001174cf000 	/System/Library/Frameworks/JavaVM.framework/Frameworks/JavaRuntimeSupport.framework/JavaRuntimeSupport
0x00000001174e7000 	/System/Library/Frameworks/JavaVM.framework/Versions/A/Frameworks/JavaNativeFoundation.framework/Versions/A/JavaNativeFoundation
0x00000001031ef000 	/System/Library/Frameworks/JavaVM.framework/Versions/A/JavaVM
0x000000000a4b8000 	/System/Library/Frameworks/Carbon.framework/Versions/A/Carbon
0x00000001174fc000 	/System/Library/PrivateFrameworks/JavaLaunching.framework/Versions/A/JavaLaunching
0x000000000a4b8000 	/System/Library/Frameworks/Carbon.framework/Versions/A/Frameworks/CommonPanels.framework/Versions/A/CommonPanels
0x000000000a4b8000 	/System/Library/Frameworks/Carbon.framework/Versions/A/Frameworks/Help.framework/Versions/A/Help
0x000000000a4b8000 	/System/Library/Frameworks/Carbon.framework/Versions/A/Frameworks/ImageCapture.framework/Versions/A/ImageCapture
0x000000000a4b8000 	/System/Library/Frameworks/Carbon.framework/Versions/A/Frameworks/OpenScripting.framework/Versions/A/OpenScripting
0x000000000a4b8000 	/System/Library/Frameworks/Carbon.framework/Versions/A/Frameworks/Print.framework/Versions/A/Print
0x000000000a4b8000 	/System/Library/Frameworks/Carbon.framework/Versions/A/Frameworks/SecurityHI.framework/Versions/A/SecurityHI
0x000000011937b000 	/Library/Java/JavaVirtualMachines/jdk1.8.0_20.jdk/Contents/Home/jre/lib/libawt.dylib
0x000000011942a000 	/Library/Java/JavaVirtualMachines/jdk1.8.0_20.jdk/Contents/Home/jre/lib/./libmlib_image.dylib
0x00000001194f6000 	/Library/Java/JavaVirtualMachines/jdk1.8.0_20.jdk/Contents/Home/jre/lib/libawt_lwawt.dylib
0x00000001195a9000 	/Library/Java/JavaVirtualMachines/jdk1.8.0_20.jdk/Contents/Home/jre/lib/./libosxapp.dylib
0x000000000a4b8000 	/System/Library/Frameworks/ExceptionHandling.framework/Versions/A/ExceptionHandling
0x000000000a4b8000 	/System/Library/PrivateFrameworks/CoreServicesInternal.framework/Versions/A/CoreServicesInternal
0x000000000a4b8000 	/System/Library/PrivateFrameworks/CloudDocs.framework/Versions/A/CloudDocs
0x000000000a4b8000 	/System/Library/PrivateFrameworks/CoreDuet.framework/Versions/A/CoreDuet
0x000000000a4b8000 	/System/Library/Frameworks/CloudKit.framework/Versions/A/CloudKit
0x000000000a4b8000 	/System/Library/PrivateFrameworks/ProtocolBuffer.framework/Versions/A/ProtocolBuffer
0x000000000a4b8000 	/System/Library/PrivateFrameworks/CoreDuetDaemonProtocol.framework/Versions/A/CoreDuetDaemonProtocol
0x000000000a4b8000 	/System/Library/PrivateFrameworks/CoreDuetDebugLogging.framework/Versions/A/CoreDuetDebugLogging
0x000000000a4b8000 	/System/Library/Frameworks/CoreLocation.framework/Versions/A/CoreLocation
0x000000000a4b8000 	/System/Library/Frameworks/Accounts.framework/Versions/A/Accounts
0x000000000a4b8000 	/System/Library/PrivateFrameworks/ApplePushService.framework/Versions/A/ApplePushService
0x000000000a4b8000 	/System/Library/PrivateFrameworks/GeoServices.framework/Versions/A/GeoServices
0x000000000a4b8000 	/System/Library/PrivateFrameworks/OAuth.framework/Versions/A/OAuth
0x000000000a4b8000 	/System/Library/PrivateFrameworks/CoreDaemon.framework/Versions/B/CoreDaemon
0x000000000a4b8000 	/usr/lib/libcrypto.0.9.8.dylib
0x000000000a4b8000 	/System/Library/PrivateFrameworks/AppleSRP.framework/Versions/A/AppleSRP
0x000000000a4b8000 	/System/Library/PrivateFrameworks/TrustEvaluationAgent.framework/Versions/A/TrustEvaluationAgent
0x000000000a4b8000 	/System/Library/Frameworks/CoreGraphics.framework/Versions/A/Resources/libCGCMS.A.dylib
0x000000000a4b8000 	/System/Library/Frameworks/CoreGraphics.framework/Versions/A/Resources/libRIP.A.dylib
0x000000000a4b8000 	/System/Library/PrivateFrameworks/FamilyControls.framework/Versions/A/FamilyControls
0x000000000a4b8000 	/System/Library/PrivateFrameworks/CommerceKit.framework/Versions/A/Frameworks/CommerceCore.framework/Versions/A/CommerceCore
0x000000000a4b8000 	/System/Library/PrivateFrameworks/SystemAdministration.framework/Versions/A/SystemAdministration
0x000000000a4b8000 	/System/Library/PrivateFrameworks/AppContainer.framework/Versions/A/AppContainer
0x000000000a4b8000 	/System/Library/PrivateFrameworks/SecCodeWrapper.framework/Versions/A/SecCodeWrapper
0x000000000a4b8000 	/System/Library/Frameworks/DirectoryService.framework/Versions/A/DirectoryService
0x000000000a4b8000 	/System/Library/PrivateFrameworks/DiskImages.framework/Versions/A/DiskImages
0x000000000a4b8000 	/System/Library/PrivateFrameworks/LoginUIKit.framework/Versions/A/Frameworks/LoginUICore.framework/Versions/A/LoginUICore
0x000000000a4b8000 	/usr/lib/libCoreStorage.dylib
0x000000000a4b8000 	/usr/lib/libcsfde.dylib
0x000000000a4b8000 	/usr/lib/libodfde.dylib
0x000000000a4b8000 	/System/Library/Frameworks/DiscRecording.framework/Versions/A/DiscRecording
0x000000000a4b8000 	/usr/lib/libcurl.4.dylib
0x000000000a4b8000 	/System/Library/PrivateFrameworks/MediaKit.framework/Versions/A/MediaKit
0x000000000a4b8000 	/System/Library/PrivateFrameworks/ProtectedCloudStorage.framework/Versions/A/ProtectedCloudStorage
0x000000000a4b8000 	/System/Library/PrivateFrameworks/EFILogin.framework/Versions/A/EFILogin
0x000000000a4b8000 	/usr/lib/libutil.dylib
0x000000000a4b8000 	/System/Library/PrivateFrameworks/FindMyDevice.framework/Versions/A/FindMyDevice
0x000000000a4b8000 	/System/Library/Frameworks/LDAP.framework/Versions/A/LDAP
0x000000000a4b8000 	/usr/lib/libsasl2.2.dylib
0x000000011c882000 	/Library/Java/JavaVirtualMachines/jdk1.8.0_20.jdk/Contents/Home/jre/lib/libfontmanager.dylib
0x000000000a4b8000 	/System/Library/Frameworks/OpenGL.framework/Versions/A/Resources/GLEngine.bundle/GLEngine
0x000000000a4b8000 	/System/Library/Frameworks/OpenGL.framework/Versions/A/Libraries/libGLProgrammability.dylib
0x0000000000000000 	/System/Library/Extensions/AppleIntelHD5000GraphicsGLDriver.bundle/Contents/MacOS/AppleIntelHD5000GraphicsGLDriver
0x000000000a4b8000 	/System/Library/PrivateFrameworks/IOAccelerator.framework/Versions/A/IOAccelerator
0x000000000a4b8000 	/System/Library/PrivateFrameworks/GPUSupport.framework/Versions/A/Libraries/libGPUSupportMercury.dylib
0x000000000a4b8000 	/System/Library/Frameworks/OpenGL.framework/Versions/A/Resources/GLRendererFloat.bundle/GLRendererFloat
0x000000000a4b8000 	/System/Library/Frameworks/OpenCL.framework/Versions/A/Libraries/libcldcpuengine.dylib
0x0000000117508000 	/Library/Java/JavaVirtualMachines/jdk1.8.0_20.jdk/Contents/Home/jre/lib/libosxui.dylib
0x0000000117511000 	/Library/Java/JavaVirtualMachines/jdk1.8.0_20.jdk/Contents/Home/jre/lib/libmanagement.dylib
0x000000000a4b8000 	/System/Library/Frameworks/CoreGraphics.framework/Versions/A/Resources/libCGXType.A.dylib
0x000000011abed000 	/private/var/folders/5n/_q4f_vln6pnbgchn4rkhwmsm0000gn/T/processing2605689623572361449menubar/libjAppleMenuBar.jnilib

VM Arguments:
jvm_args: -Dfile.encoding=UTF-8 
java_command: SoccerGameOrigional
java_class_path (initial): /Users/rreszetnik/Documents/workspace/SoccerGameOrigional/bin:/Users/rreszetnik/Desktop/Processing.app/Contents/Java/core/library/core.jar
Launcher Type: SUN_STANDARD

Environment Variables:
PATH=/usr/bin:/bin:/usr/sbin:/sbin
SHELL=/bin/bash

Signal Handlers:
SIGSEGV: [libjvm.dylib+0x578fd7], sa_mask[0]=11111111011111110111111111111111, sa_flags=SA_ONSTACK|SA_RESTART|SA_SIGINFO
SIGBUS: [libjvm.dylib+0x578fd7], sa_mask[0]=11111111011111110111111111111111, sa_flags=SA_RESTART|SA_SIGINFO
SIGFPE: [libjvm.dylib+0x45ab0c], sa_mask[0]=11111111011111110111111111111111, sa_flags=SA_RESTART|SA_SIGINFO
SIGPIPE: [libjvm.dylib+0x45ab0c], sa_mask[0]=11111111011111110111111111111111, sa_flags=SA_RESTART|SA_SIGINFO
SIGXFSZ: [libjvm.dylib+0x45ab0c], sa_mask[0]=11111111011111110111111111111111, sa_flags=SA_RESTART|SA_SIGINFO
SIGILL: [libjvm.dylib+0x45ab0c], sa_mask[0]=11111111011111110111111111111111, sa_flags=SA_RESTART|SA_SIGINFO
SIGUSR1: SIG_DFL, sa_mask[0]=00000000000000000000000000000000, sa_flags=none
SIGUSR2: [libjvm.dylib+0x45a62a], sa_mask[0]=00100000000000000000000000000000, sa_flags=SA_RESTART|SA_SIGINFO
SIGHUP: [libjvm.dylib+0x458bfd], sa_mask[0]=11111111011111110111111111111111, sa_flags=SA_RESTART|SA_SIGINFO
SIGINT: [libjvm.dylib+0x458bfd], sa_mask[0]=11111111011111110111111111111111, sa_flags=SA_RESTART|SA_SIGINFO
SIGTERM: [libjvm.dylib+0x458bfd], sa_mask[0]=11111111011111110111111111111111, sa_flags=SA_RESTART|SA_SIGINFO
SIGQUIT: [libjvm.dylib+0x458bfd], sa_mask[0]=11111111011111110111111111111111, sa_flags=SA_RESTART|SA_SIGINFO


---------------  S Y S T E M  ---------------

OS:Bsduname:Darwin 14.1.0 Darwin Kernel Version 14.1.0: Mon Dec 22 23:10:38 PST 2014; root:xnu-2782.10.72~2/RELEASE_X86_64 x86_64
rlimit: STACK 8192k, CORE 0k, NPROC 709, NOFILE 10240, AS infinity
load average:45.15 21.28 10.29

CPU:total 4 (2 cores per cpu, 2 threads per core) family 6 model 69 stepping 1, cmov, cx8, fxsr, mmx, sse, sse2, sse3, ssse3, sse4.1, sse4.2, popcnt, avx, avx2, aes, clmul, erms, lzcnt, ht, tsc, tscinvbit, bmi1, bmi2

Memory: 4k page, physical 4194304k(18164k free)

/proc/meminfo:


vm_info: Java HotSpot(TM) 64-Bit Server VM (25.20-b23) for bsd-amd64 JRE (1.8.0_20-b26), built on Jul 30 2014 13:37:47 by "java_re" with gcc 4.2.1 (Based on Apple Inc. build 5658) (LLVM build 2336.9.00)

time: Fri Sep 23 13:35:29 2016
elapsed time: 52 seconds (0d 0h 0m 52s)

