#
# A fatal error has been detected by the Java Runtime Environment:
#
#  SIGSEGV (0xb) at pc=0x00007fff8ed93d6c, pid=17981, tid=1811
#
# JRE version: Java(TM) SE Runtime Environment (8.0_20-b26) (build 1.8.0_20-b26)
# Java VM: Java HotSpot(TM) 64-Bit Server VM (25.20-b23 mixed mode bsd-amd64 compressed oops)
# Problematic frame:
# C  [HIToolbox+0x25d6c]  _ZNK22THIThemeTextInfoPublic13GetTruncationEv+0x8
#
# Failed to write core dump. Core dumps have been disabled. To enable core dumping, try "ulimit -c unlimited" before starting Java again
#
# If you would like to submit a bug report, please visit:
#   http://bugreport.sun.com/bugreport/crash.jsp
# The crash happened outside the Java Virtual Machine in native code.
# See problematic frame for where to report the bug.
#

---------------  T H R E A D  ---------------

Current thread (0x00007ff75b043000):  JavaThread "AppKit Thread" daemon [_thread_in_native, id=1811, stack(0x00007fff58da2000,0x00007fff595a2000)]

siginfo: si_signo: 11 (SIGSEGV), si_code: 1 (SEGV_MAPERR), si_addr: 0x0000000000000016

Registers:
RAX=0x0000000000000000, RBX=0x00007ff75ad2abf0, RCX=0x00007fff5959d698, RDX=0x00007fff5959d690
RSP=0x00007fff5959d780, RBP=0x00007fff5959d780, RSI=0x00007ff75ae65cd8, RDI=0x00007ff75ad2abf0
R8 =0x000000000000000e, R9 =0x00000000ffffffc0, R10=0x00000000924962a6, R11=0x00007ff75ac00000
R12=0x00007ff75ad2abf0, R13=0x00000000ffffff94, R14=0x00007ff75af7b390, R15=0x00007ff75ac6d170
RIP=0x00007fff8ed93d6c, EFLAGS=0x0000000000010202, ERR=0x0000000000000004
  TRAPNO=0x000000000000000e

Top of Stack: (sp=0x00007fff5959d780)
0x00007fff5959d780:   00007fff5959d7d0 00007fff8ed93e5d
0x00007fff5959d790:   00007ff75af7b390 00007fff7b07d6b0
0x00007fff5959d7a0:   0000000000000000 00007ff75ad2abf0
0x00007fff5959d7b0:   00007ff75af7b390 00007fff5959d908
0x00007fff5959d7c0:   00007ff75ad2abf0 0000000000000000
0x00007fff5959d7d0:   00007fff5959d810 00007fff8ed93ddf
0x00007fff5959d7e0:   0000000000000000 000000005ad2abf0
0x00007fff5959d7f0:   00007ff75ad2abf0 00007fff5959d900
0x00007fff5959d800:   00007ff75af7b390 00007fff5959d910
0x00007fff5959d810:   00007fff5959d850 00007fff8ed93b47
0x00007fff5959d820:   00007fff7b05b5a0 00007ff75af7b390
0x00007fff5959d830:   00007fff5959d898 00000000ffffff94
0x00007fff5959d840:   00007ff75ad2abf0 0000000000000064
0x00007fff5959d850:   00007fff5959d8f0 00007fff8ed928ed
0x00007fff5959d860:   00007fff5959d870 0000000000000000
0x00007fff5959d870:   00007fff5959d908 00007fff5959d900
0x00007fff5959d880:   00007fff5959d910 47efffffe0000000
0x00007fff5959d890:   00007fff5959d928 0000000000000000
0x00007fff5959d8a0:   0000000000000001 00007ff75ad41330
0x00007fff5959d8b0:   0000000000000002 0000000000000000
0x00007fff5959d8c0:   00007fff00000001 00007fff5959d9a0
0x00007fff5959d8d0:   0000000000000007 0000000000000000
0x00007fff5959d8e0:   00007fff5959d990 00007fff5959d998
0x00007fff5959d8f0:   00007fff5959d930 00007fff8ed92785
0x00007fff5959d900:   00007fff5959d9d8 00007fff8a7c7a5f
0x00007fff5959d910:   00007fff5959d950 00007fff7b07d6b0
0x00007fff5959d920:   0000000000000064 00007fff5959d9f0
0x00007fff5959d930:   00007fff5959d9d0 00007fff8edd2d15
0x00007fff5959d940:   0000000000000008 0000000000000000
0x00007fff5959d950:   0000000000000000 00007fff5959d9f0
0x00007fff5959d960:   0000000100000000 0000000000000064
0x00007fff5959d970:   0000000800000000 0000000000000000 

Instructions: (pc=0x00007fff8ed93d6c)
0x00007fff8ed93d4c:   f7 ff 50 58 85 c0 74 da 83 f8 01 75 04 31 db eb
0x00007fff8ed93d5c:   d1 bb 01 00 00 00 eb ca 55 48 89 e5 48 8b 47 08
0x00007fff8ed93d6c:   8b 40 16 5d c3 90 55 48 89 e5 48 8b 47 08 8b 40
0x00007fff8ed93d7c:   1a 5d c3 90 55 48 89 e5 41 57 41 56 41 54 53 48 

Register to memory mapping:

RAX=0x0000000000000000 is an unknown value
RBX=0x00007ff75ad2abf0 is an unknown value
RCX=0x00007fff5959d698 is pointing into the stack for thread: 0x00007ff75b043000
RDX=0x00007fff5959d690 is pointing into the stack for thread: 0x00007ff75b043000
RSP=0x00007fff5959d780 is pointing into the stack for thread: 0x00007ff75b043000
RBP=0x00007fff5959d780 is pointing into the stack for thread: 0x00007ff75b043000
RSI=0x00007ff75ae65cd8 is an unknown value
RDI=0x00007ff75ad2abf0 is an unknown value
R8 =0x000000000000000e is an unknown value
R9 =0x00000000ffffffc0 is an unknown value
R10=0x00000000924962a6 is an unknown value
R11=0x00007ff75ac00000 is an unknown value
R12=0x00007ff75ad2abf0 is an unknown value
R13=0x00000000ffffff94 is an unknown value
R14=0x00007ff75af7b390 is an unknown value
R15=0x00007ff75ac6d170 is an unknown value


Stack: [0x00007fff58da2000,0x00007fff595a2000],  sp=0x00007fff5959d780,  free space=8173k
Native frames: (J=compiled Java code, j=interpreted, Vv=VM code, C=native code)
C  [HIToolbox+0x25d6c]  _ZNK22THIThemeTextInfoPublic13GetTruncationEv+0x8
C  [HIToolbox+0x25e5d]  _ZN15TCoreTextEngine16LayoutSingleLineEP16THIThemeTextInfof+0x41
C  [HIToolbox+0x25ddf]  _ZN15TCoreTextEngine6LayoutEP16THIThemeTextInfoff14TextLayoutType+0x5f
C  [HIToolbox+0x25b47]  _ZN15TCoreTextEngine22GetThemeTextDimensionsEdP16THIThemeTextInfoPdS2_S2_+0x2b
C  [HIToolbox+0x248ed]  _ZN10DataEngine17GetTextDimensionsEPKvdP15HIThemeTextInfoPdS4_S4_+0x131
C  [HIToolbox+0x24785]  HIThemeGetTextDimensions+0xb9
C  [HIToolbox+0x64d15]  GetThemeTextDimensions+0xbf
C  [HIToolbox+0xf98fe]  _ZN13HIMenuBarView23TruncateWidestMenuTitleEv+0x4e
C  [HIToolbox+0x23bfb]  _ZN13HIMenuBarView15EnsureBarLayoutEv+0x22b
C  [HIToolbox+0xf8f12]  _ZN13HIMenuBarView8DrawOnceE6CGRectS0_bbP9CGContext+0x214
C  [HIToolbox+0x238ff]  _ZN13HIMenuBarView8DrawSelfEsPK9__HIShapeP9CGContext+0x22f
C  [HIToolbox+0x2353d]  _ZN6HIView15DrawCacheOrSelfEsPK9__HIShapeP9CGContext+0x157
C  [HIToolbox+0x1398a]  _ZN6HIView12EventHandlerEP25OpaqueEventHandlerCallRefP14OpaqueEventRefPv+0xbae
C  [HIToolbox+0x898c]  _ZL23DispatchEventToHandlersP14EventTargetRecP14OpaqueEventRefP14HandlerCallRec+0x4ec
C  [HIToolbox+0x7dce]  _ZL30SendEventToEventTargetInternalP14OpaqueEventRefP20OpaqueEventTargetRefP14HandlerCallRec+0x182
C  [HIToolbox+0x7c42]  SendEventToEventTargetWithOptions+0x2b
C  [HIToolbox+0x23399]  _ZN6HIView8SendDrawEsP13OpaqueGrafPtrPK9__HIShapeP9CGContext+0x151
C  [HIToolbox+0x22d22]  _ZN6HIView23RecursiveDrawCompositedEPK9__HIShapeS2_jPS_P9CGContexthd+0x2c6
C  [HIToolbox+0x22f9e]  _ZN6HIView23RecursiveDrawCompositedEPK9__HIShapeS2_jPS_P9CGContexthd+0x542
C  [HIToolbox+0x21c5b]  _ZN6HIView14DrawCompositedEsP13OpaqueGrafPtrPK9__HIShapejPS_P9CGContext+0x3c5
C  [HIToolbox+0x21884]  _ZN6HIView6RenderEjP9CGContext+0x36
C  [HIToolbox+0x2cf0b]  _ZL17FlushWindowObjectP10WindowDataPPvh+0x2fb
C  [HIToolbox+0x367d0]  _ZL15FlushAllBuffersP19__CFRunLoopObservermPv+0xe4
C  [CoreFoundation+0x7fda7]  __CFRUNLOOP_IS_CALLING_OUT_TO_AN_OBSERVER_CALLBACK_FUNCTION__+0x17
C  [CoreFoundation+0x7fd00]  __CFRunLoopDoObservers+0x170
C  [CoreFoundation+0x7183f]  CFRunLoopRunSpecific+0x10f
C  [HIToolbox+0x2eaef]  RunCurrentEventLoopInMode+0xeb
C  [HIToolbox+0x2e86a]  ReceiveNextEventCommon+0x1af
C  [HIToolbox+0x2e6ab]  _BlockUntilNextEventMatchingListInModeWithFilter+0x47
C  [AppKit+0x23f81]  _DPSNextEvent+0x3c4
C  [AppKit+0x23730]  -[NSApplication nextEventMatchingMask:untilDate:inMode:dequeue:]+0xc2
C  [libosxapp.dylib+0x242a]  -[NSApplicationAWT nextEventMatchingMask:untilDate:inMode:dequeue:]+0x7c
C  [AppKit+0x17593]  -[NSApplication run]+0x252
C  [libosxapp.dylib+0x223e]  +[NSApplicationAWT runAWTLoopWithApp:]+0x9c
C  [libawt_lwawt.dylib+0x4494f]  -[AWTStarter starter:]+0x389
C  [Foundation+0x65cdc]  __NSThreadPerformPerform+0x125
C  [CoreFoundation+0x80681]  __CFRUNLOOP_IS_CALLING_OUT_TO_A_SOURCE0_PERFORM_FUNCTION__+0x11
C  [CoreFoundation+0x7280d]  __CFRunLoopDoSources0+0x10d
C  [CoreFoundation+0x71e3f]  __CFRunLoopRun+0x39f
C  [CoreFoundation+0x71858]  CFRunLoopRunSpecific+0x128
C  [java+0x56cc]  CreateExecutionEnvironment+0x367
C  [java+0x165c]  JLI_Launch+0x7a0
C  [java+0x768a]  main+0x65
C  [java+0xeb4]  start+0x34
C  0x0000000000000005


---------------  P R O C E S S  ---------------

Java Threads: ( => current thread )
  0x00007ff75b922800 JavaThread "AWT-EventQueue-0" [_thread_blocked, id=44571, stack(0x0000000123528000,0x0000000123628000)]
  0x00007ff75c8f4000 JavaThread "AWT-Shutdown" [_thread_blocked, id=12555, stack(0x0000000121fc8000,0x00000001220c8000)]
  0x00007ff75b0d6800 JavaThread "Java2D Disposer" daemon [_thread_blocked, id=47903, stack(0x0000000121897000,0x0000000121997000)]
  0x00007ff75b070000 JavaThread "Java2D Queue Flusher" daemon [_thread_blocked, id=46087, stack(0x0000000120f1d000,0x000000012101d000)]
=>0x00007ff75b043000 JavaThread "AppKit Thread" daemon [_thread_in_native, id=1811, stack(0x00007fff58da2000,0x00007fff595a2000)]
  0x00007ff75b087800 JavaThread "Service Thread" daemon [_thread_blocked, id=18179, stack(0x000000011d747000,0x000000011d847000)]
  0x00007ff75c01f800 JavaThread "C1 CompilerThread2" daemon [_thread_blocked, id=17667, stack(0x000000011d644000,0x000000011d744000)]
  0x00007ff75b020800 JavaThread "C2 CompilerThread1" daemon [_thread_blocked, id=17155, stack(0x000000011d541000,0x000000011d641000)]
  0x00007ff75c01e800 JavaThread "C2 CompilerThread0" daemon [_thread_blocked, id=16643, stack(0x000000011d43e000,0x000000011d53e000)]
  0x00007ff75b81d000 JavaThread "Signal Dispatcher" daemon [_thread_blocked, id=16135, stack(0x000000011d33b000,0x000000011d43b000)]
  0x00007ff75c817800 JavaThread "Finalizer" daemon [_thread_blocked, id=12035, stack(0x000000011b9f5000,0x000000011baf5000)]
  0x00007ff75c816800 JavaThread "Reference Handler" daemon [_thread_blocked, id=11523, stack(0x000000011b8f2000,0x000000011b9f2000)]
  0x00007ff75c801000 JavaThread "main" [_thread_in_native, id=4099, stack(0x0000000107678000,0x0000000107778000)]

Other Threads:
  0x00007ff75b81a000 VMThread [stack: 0x000000011b7ef000,0x000000011b8ef000] [id=11011]
  0x00007ff75b088000 WatcherThread [stack: 0x000000011d84a000,0x000000011d94a000] [id=18691]

VM state:not at safepoint (normal execution)

VM Mutex/Monitor currently owned by a thread: None

Heap:
 PSYoungGen      total 18944K, used 10921K [0x00000007aab00000, 0x00000007ac000000, 0x00000007c0000000)
  eden space 16384K, 66% used [0x00000007aab00000,0x00000007ab5aa708,0x00000007abb00000)
  from space 2560K, 0% used [0x00000007abd80000,0x00000007abd80000,0x00000007ac000000)
  to   space 2560K, 0% used [0x00000007abb00000,0x00000007abb00000,0x00000007abd80000)
 ParOldGen       total 44032K, used 0K [0x0000000780000000, 0x0000000782b00000, 0x00000007aab00000)
  object space 44032K, 0% used [0x0000000780000000,0x0000000780000000,0x0000000782b00000)
 Metaspace       used 9236K, capacity 9378K, committed 9600K, reserved 1058816K
  class space    used 1071K, capacity 1111K, committed 1152K, reserved 1048576K

Card table byte_map: [0x00000001173c0000,0x00000001175c1000] byte_map_base: 0x00000001137c0000

Marking Bits: (ParMarkBitMap*) 0x0000000106ff8330
 Begin Bits: [0x0000000117b23000, 0x0000000118b23000)
 End Bits:   [0x0000000118b23000, 0x0000000119b23000)

Polling page: 0x00000001077d3000

CodeCache: size=245760Kb used=1918Kb max_used=1918Kb free=243841Kb
 bounds [0x0000000108000000, 0x0000000108270000, 0x0000000117000000]
 total_blobs=824 nmethods=341 adapters=398
 compilation: enabled

Compilation events (10 events):
Event: 45.565 Thread 0x00007ff75c01f800  345       3       sun.java2d.pipe.RenderQueue::tryLock (4 bytes)
Event: 45.565 Thread 0x00007ff75c01f800 nmethod 345 0x00000001081de6d0 code [0x00000001081de860, 0x00000001081debc8]
Event: 45.566 Thread 0x00007ff75c01f800  346       3       sun.awt.SunToolkit::awtTryLock (7 bytes)
Event: 45.566 Thread 0x00007ff75c01f800 nmethod 346 0x00000001081ded50 code [0x00000001081deec0, 0x00000001081df1a8]
Event: 48.657 Thread 0x00007ff75c01f800  347       3       sun.java2d.pipe.RenderBuffer::position (11 bytes)
Event: 48.658 Thread 0x00007ff75c01f800 nmethod 347 0x00000001081df2d0 code [0x00000001081df420, 0x00000001081df570]
Event: 49.067 Thread 0x00007ff75c01f800  348       3       sun.java2d.pipe.RenderQueue::unlock (4 bytes)
Event: 49.068 Thread 0x00007ff75c01f800 nmethod 348 0x00000001081df5d0 code [0x00000001081df760, 0x00000001081dfac8]
Event: 49.069 Thread 0x00007ff75c01f800  349       3       sun.awt.SunToolkit::awtUnlock (7 bytes)
Event: 49.069 Thread 0x00007ff75c01f800 nmethod 349 0x00000001081dfc50 code [0x00000001081dfdc0, 0x00000001081e00a8]

GC Heap History (0 events):
No events

Deoptimization events (0 events):
No events

Internal exceptions (10 events):
Event: 18.089 Thread 0x00007ff75c801000 Exception <a 'java/security/PrivilegedActionException'> (0x00000007ab046230) thrown at [/HUDSON3/workspace/8-2-build-macosx-x86_64/jdk8u20/1074/hotspot/src/share/vm/prims/jvm.cpp, line 1275]
Event: 18.091 Thread 0x00007ff75c801000 Exception <a 'java/security/PrivilegedActionException'> (0x00000007ab04a0f8) thrown at [/HUDSON3/workspace/8-2-build-macosx-x86_64/jdk8u20/1074/hotspot/src/share/vm/prims/jvm.cpp, line 1275]
Event: 18.354 Thread 0x00007ff75c801000 Exception <a 'java/security/PrivilegedActionException'> (0x00000007ab0e0840) thrown at [/HUDSON3/workspace/8-2-build-macosx-x86_64/jdk8u20/1074/hotspot/src/share/vm/prims/jvm.cpp, line 1275]
Event: 18.354 Thread 0x00007ff75c801000 Exception <a 'java/security/PrivilegedActionException'> (0x00000007ab0e1e00) thrown at [/HUDSON3/workspace/8-2-build-macosx-x86_64/jdk8u20/1074/hotspot/src/share/vm/prims/jvm.cpp, line 1275]
Event: 18.357 Thread 0x00007ff75c801000 Exception <a 'java/security/PrivilegedActionException'> (0x00000007ab0e5c08) thrown at [/HUDSON3/workspace/8-2-build-macosx-x86_64/jdk8u20/1074/hotspot/src/share/vm/prims/jvm.cpp, line 1275]
Event: 18.357 Thread 0x00007ff75c801000 Exception <a 'java/security/PrivilegedActionException'> (0x00000007ab0e71f8) thrown at [/HUDSON3/workspace/8-2-build-macosx-x86_64/jdk8u20/1074/hotspot/src/share/vm/prims/jvm.cpp, line 1275]
Event: 18.361 Thread 0x00007ff75c801000 Exception <a 'java/security/PrivilegedActionException'> (0x00000007ab0f33b0) thrown at [/HUDSON3/workspace/8-2-build-macosx-x86_64/jdk8u20/1074/hotspot/src/share/vm/prims/jvm.cpp, line 1275]
Event: 18.361 Thread 0x00007ff75c801000 Exception <a 'java/security/PrivilegedActionException'> (0x00000007ab0f4b80) thrown at [/HUDSON3/workspace/8-2-build-macosx-x86_64/jdk8u20/1074/hotspot/src/share/vm/prims/jvm.cpp, line 1275]
Event: 33.199 Thread 0x00007ff75c801000 Exception <a 'java/security/PrivilegedActionException'> (0x00000007ab139140) thrown at [/HUDSON3/workspace/8-2-build-macosx-x86_64/jdk8u20/1074/hotspot/src/share/vm/prims/jvm.cpp, line 1275]
Event: 33.321 Thread 0x00007ff75c801000 Exception <a 'java/security/PrivilegedActionException'> (0x00000007ab13d218) thrown at [/HUDSON3/workspace/8-2-build-macosx-x86_64/jdk8u20/1074/hotspot/src/share/vm/prims/jvm.cpp, line 1275]

Events (10 events):
Event: 33.886 loading class java/lang/Shutdown$Lock
Event: 33.886 loading class java/lang/Shutdown$Lock done
Event: 33.895 Executing VM operation: RevokeBias
Event: 33.895 Executing VM operation: RevokeBias done
Event: 33.897 Executing VM operation: RevokeBias
Event: 33.900 Executing VM operation: RevokeBias done
Event: 33.900 Executing VM operation: RevokeBias
Event: 33.900 Executing VM operation: RevokeBias done
Event: 33.946 loading class java/io/FileOutputStream$1
Event: 33.946 loading class java/io/FileOutputStream$1 done


Dynamic libraries:
0x000000000a4b8000 	/System/Library/Frameworks/Cocoa.framework/Versions/A/Cocoa
0x000000000a4b8000 	/System/Library/Frameworks/Security.framework/Versions/A/Security
0x000000000a4b8000 	/System/Library/Frameworks/ApplicationServices.framework/Versions/A/ApplicationServices
0x000000000a4b8000 	/usr/lib/libz.1.dylib
0x000000000a4b8000 	/usr/lib/libSystem.B.dylib
0x000000000a4b8000 	/usr/lib/libobjc.A.dylib
0x000000000a4b8000 	/System/Library/Frameworks/CoreFoundation.framework/Versions/A/CoreFoundation
0x000000000a4b8000 	/System/Library/Frameworks/Foundation.framework/Versions/C/Foundation
0x000000000a4b8000 	/System/Library/Frameworks/AppKit.framework/Versions/C/AppKit
0x000000000a4b8000 	/System/Library/Frameworks/CoreData.framework/Versions/A/CoreData
0x000000000a4b8000 	/System/Library/PrivateFrameworks/RemoteViewServices.framework/Versions/A/RemoteViewServices
0x000000000a4b8000 	/System/Library/PrivateFrameworks/UIFoundation.framework/Versions/A/UIFoundation
0x000000000a4b8000 	/System/Library/Frameworks/IOSurface.framework/Versions/A/IOSurface
0x000000000a4b8000 	/System/Library/Frameworks/AudioToolbox.framework/Versions/A/AudioToolbox
0x000000000a4b8000 	/System/Library/Frameworks/AudioUnit.framework/Versions/A/AudioUnit
0x000000000a4b8000 	/System/Library/PrivateFrameworks/DataDetectorsCore.framework/Versions/A/DataDetectorsCore
0x000000000a4b8000 	/System/Library/PrivateFrameworks/DesktopServicesPriv.framework/Versions/A/DesktopServicesPriv
0x000000000a4b8000 	/System/Library/Frameworks/Carbon.framework/Versions/A/Frameworks/HIToolbox.framework/Versions/A/HIToolbox
0x000000000a4b8000 	/System/Library/Frameworks/QuartzCore.framework/Versions/A/QuartzCore
0x000000000a4b8000 	/System/Library/Frameworks/Carbon.framework/Versions/A/Frameworks/SpeechRecognition.framework/Versions/A/SpeechRecognition
0x000000000a4b8000 	/usr/lib/libauto.dylib
0x000000000a4b8000 	/usr/lib/libicucore.A.dylib
0x000000000a4b8000 	/usr/lib/libxml2.2.dylib
0x000000000a4b8000 	/System/Library/PrivateFrameworks/CoreUI.framework/Versions/A/CoreUI
0x000000000a4b8000 	/System/Library/Frameworks/CoreAudio.framework/Versions/A/CoreAudio
0x000000000a4b8000 	/System/Library/Frameworks/DiskArbitration.framework/Versions/A/DiskArbitration
0x000000000a4b8000 	/usr/lib/liblangid.dylib
0x000000000a4b8000 	/System/Library/PrivateFrameworks/MultitouchSupport.framework/Versions/A/MultitouchSupport
0x000000000a4b8000 	/System/Library/Frameworks/IOKit.framework/Versions/A/IOKit
0x000000000a4b8000 	/usr/lib/libDiagnosticMessagesClient.dylib
0x000000000a4b8000 	/System/Library/Frameworks/CoreServices.framework/Versions/A/CoreServices
0x000000000a4b8000 	/System/Library/PrivateFrameworks/PerformanceAnalysis.framework/Versions/A/PerformanceAnalysis
0x000000000a4b8000 	/System/Library/PrivateFrameworks/GenerationalStorage.framework/Versions/A/GenerationalStorage
0x000000000a4b8000 	/System/Library/Frameworks/OpenGL.framework/Versions/A/OpenGL
0x000000000a4b8000 	/System/Library/PrivateFrameworks/Sharing.framework/Versions/A/Sharing
0x000000000a4b8000 	/System/Library/Frameworks/CoreGraphics.framework/Versions/A/CoreGraphics
0x000000000a4b8000 	/System/Library/Frameworks/CoreText.framework/Versions/A/CoreText
0x000000000a4b8000 	/System/Library/Frameworks/ImageIO.framework/Versions/A/ImageIO
0x000000000a4b8000 	/usr/lib/libextension.dylib
0x000000000a4b8000 	/System/Library/PrivateFrameworks/Backup.framework/Versions/A/Backup
0x000000000a4b8000 	/usr/lib/libarchive.2.dylib
0x000000000a4b8000 	/System/Library/Frameworks/CFNetwork.framework/Versions/A/CFNetwork
0x000000000a4b8000 	/System/Library/Frameworks/SystemConfiguration.framework/Versions/A/SystemConfiguration
0x000000000a4b8000 	/usr/lib/libCRFSuite.dylib
0x000000000a4b8000 	/usr/lib/libc++.1.dylib
0x000000000a4b8000 	/usr/lib/libc++abi.dylib
0x000000000a4b8000 	/usr/lib/system/libcache.dylib
0x000000000a4b8000 	/usr/lib/system/libcommonCrypto.dylib
0x000000000a4b8000 	/usr/lib/system/libcompiler_rt.dylib
0x000000000a4b8000 	/usr/lib/system/libcopyfile.dylib
0x000000000a4b8000 	/usr/lib/system/libcorecrypto.dylib
0x000000000a4b8000 	/usr/lib/system/libdispatch.dylib
0x000000000a4b8000 	/usr/lib/system/libdyld.dylib
0x000000000a4b8000 	/usr/lib/system/libkeymgr.dylib
0x000000000a4b8000 	/usr/lib/system/liblaunch.dylib
0x000000000a4b8000 	/usr/lib/system/libmacho.dylib
0x000000000a4b8000 	/usr/lib/system/libquarantine.dylib
0x000000000a4b8000 	/usr/lib/system/libremovefile.dylib
0x000000000a4b8000 	/usr/lib/system/libsystem_asl.dylib
0x000000000a4b8000 	/usr/lib/system/libsystem_blocks.dylib
0x000000000a4b8000 	/usr/lib/system/libsystem_c.dylib
0x000000000a4b8000 	/usr/lib/system/libsystem_configuration.dylib
0x000000000a4b8000 	/usr/lib/system/libsystem_coreservices.dylib
0x000000000a4b8000 	/usr/lib/system/libsystem_coretls.dylib
0x000000000a4b8000 	/usr/lib/system/libsystem_dnssd.dylib
0x000000000a4b8000 	/usr/lib/system/libsystem_info.dylib
0x000000000a4b8000 	/usr/lib/system/libsystem_kernel.dylib
0x000000000a4b8000 	/usr/lib/system/libsystem_m.dylib
0x000000000a4b8000 	/usr/lib/system/libsystem_malloc.dylib
0x000000000a4b8000 	/usr/lib/system/libsystem_network.dylib
0x000000000a4b8000 	/usr/lib/system/libsystem_networkextension.dylib
0x000000000a4b8000 	/usr/lib/system/libsystem_notify.dylib
0x000000000a4b8000 	/usr/lib/system/libsystem_platform.dylib
0x000000000a4b8000 	/usr/lib/system/libsystem_pthread.dylib
0x000000000a4b8000 	/usr/lib/system/libsystem_sandbox.dylib
0x000000000a4b8000 	/usr/lib/system/libsystem_secinit.dylib
0x000000000a4b8000 	/usr/lib/system/libsystem_stats.dylib
0x000000000a4b8000 	/usr/lib/system/libsystem_trace.dylib
0x000000000a4b8000 	/usr/lib/system/libunc.dylib
0x000000000a4b8000 	/usr/lib/system/libunwind.dylib
0x000000000a4b8000 	/usr/lib/system/libxpc.dylib
0x000000000a4b8000 	/usr/lib/libbz2.1.0.dylib
0x000000000a4b8000 	/usr/lib/liblzma.5.dylib
0x000000000a4b8000 	/usr/lib/libbsm.0.dylib
0x000000000a4b8000 	/usr/lib/libsqlite3.dylib
0x000000000a4b8000 	/usr/lib/system/libkxld.dylib
0x000000000a4b8000 	/usr/lib/libxar.1.dylib
0x000000000a4b8000 	/usr/lib/libpam.2.dylib
0x000000000a4b8000 	/usr/lib/libOpenScriptingUtil.dylib
0x000000000a4b8000 	/System/Library/Frameworks/CoreServices.framework/Versions/A/Frameworks/FSEvents.framework/Versions/A/FSEvents
0x000000000a4b8000 	/System/Library/Frameworks/CoreServices.framework/Versions/A/Frameworks/CarbonCore.framework/Versions/A/CarbonCore
0x000000000a4b8000 	/System/Library/Frameworks/CoreServices.framework/Versions/A/Frameworks/Metadata.framework/Versions/A/Metadata
0x000000000a4b8000 	/System/Library/Frameworks/CoreServices.framework/Versions/A/Frameworks/OSServices.framework/Versions/A/OSServices
0x000000000a4b8000 	/System/Library/Frameworks/CoreServices.framework/Versions/A/Frameworks/SearchKit.framework/Versions/A/SearchKit
0x000000000a4b8000 	/System/Library/Frameworks/CoreServices.framework/Versions/A/Frameworks/AE.framework/Versions/A/AE
0x000000000a4b8000 	/System/Library/Frameworks/CoreServices.framework/Versions/A/Frameworks/LaunchServices.framework/Versions/A/LaunchServices
0x000000000a4b8000 	/System/Library/Frameworks/CoreServices.framework/Versions/A/Frameworks/DictionaryServices.framework/Versions/A/DictionaryServices
0x000000000a4b8000 	/System/Library/Frameworks/NetFS.framework/Versions/A/NetFS
0x000000000a4b8000 	/System/Library/PrivateFrameworks/NetAuth.framework/Versions/A/NetAuth
0x000000000a4b8000 	/System/Library/PrivateFrameworks/login.framework/Versions/A/Frameworks/loginsupport.framework/Versions/A/loginsupport
0x000000000a4b8000 	/System/Library/PrivateFrameworks/TCC.framework/Versions/A/TCC
0x000000000a4b8000 	/usr/lib/libmecabra.dylib
0x000000000a4b8000 	/System/Library/Frameworks/ApplicationServices.framework/Versions/A/Frameworks/ATS.framework/Versions/A/ATS
0x000000000a4b8000 	/System/Library/Frameworks/ApplicationServices.framework/Versions/A/Frameworks/ColorSync.framework/Versions/A/ColorSync
0x000000000a4b8000 	/System/Library/Frameworks/ApplicationServices.framework/Versions/A/Frameworks/HIServices.framework/Versions/A/HIServices
0x000000000a4b8000 	/System/Library/Frameworks/ApplicationServices.framework/Versions/A/Frameworks/LangAnalysis.framework/Versions/A/LangAnalysis
0x000000000a4b8000 	/System/Library/Frameworks/ApplicationServices.framework/Versions/A/Frameworks/PrintCore.framework/Versions/A/PrintCore
0x000000000a4b8000 	/System/Library/Frameworks/ApplicationServices.framework/Versions/A/Frameworks/QD.framework/Versions/A/QD
0x000000000a4b8000 	/System/Library/Frameworks/ApplicationServices.framework/Versions/A/Frameworks/SpeechSynthesis.framework/Versions/A/SpeechSynthesis
0x000000000a4b8000 	/System/Library/Frameworks/Accelerate.framework/Versions/A/Accelerate
0x000000000a4b8000 	/System/Library/Frameworks/Accelerate.framework/Versions/A/Frameworks/vImage.framework/Versions/A/vImage
0x000000000a4b8000 	/System/Library/Frameworks/Accelerate.framework/Versions/A/Frameworks/vecLib.framework/Versions/A/vecLib
0x000000000a4b8000 	/System/Library/Frameworks/Accelerate.framework/Versions/A/Frameworks/vecLib.framework/Versions/A/libvDSP.dylib
0x000000000a4b8000 	/System/Library/Frameworks/Accelerate.framework/Versions/A/Frameworks/vecLib.framework/Versions/A/libvMisc.dylib
0x000000000a4b8000 	/System/Library/Frameworks/Accelerate.framework/Versions/A/Frameworks/vecLib.framework/Versions/A/libLAPACK.dylib
0x000000000a4b8000 	/System/Library/Frameworks/Accelerate.framework/Versions/A/Frameworks/vecLib.framework/Versions/A/libBLAS.dylib
0x000000000a4b8000 	/System/Library/Frameworks/Accelerate.framework/Versions/A/Frameworks/vecLib.framework/Versions/A/libLinearAlgebra.dylib
0x000000000a4b8000 	/System/Library/Frameworks/ApplicationServices.framework/Versions/A/Frameworks/ATS.framework/Versions/A/Resources/libFontParser.dylib
0x000000000a4b8000 	/System/Library/Frameworks/ApplicationServices.framework/Versions/A/Frameworks/ATS.framework/Versions/A/Resources/libFontRegistry.dylib
0x000000000a4b8000 	/System/Library/PrivateFrameworks/AppleVPA.framework/Versions/A/AppleVPA
0x000000000a4b8000 	/System/Library/PrivateFrameworks/AppleJPEG.framework/Versions/A/AppleJPEG
0x000000000a4b8000 	/System/Library/Frameworks/ImageIO.framework/Versions/A/Resources/libJPEG.dylib
0x000000000a4b8000 	/System/Library/Frameworks/ImageIO.framework/Versions/A/Resources/libTIFF.dylib
0x000000000a4b8000 	/System/Library/Frameworks/ImageIO.framework/Versions/A/Resources/libPng.dylib
0x000000000a4b8000 	/System/Library/Frameworks/ImageIO.framework/Versions/A/Resources/libGIF.dylib
0x000000000a4b8000 	/System/Library/Frameworks/ImageIO.framework/Versions/A/Resources/libJP2.dylib
0x000000000a4b8000 	/System/Library/Frameworks/ImageIO.framework/Versions/A/Resources/libRadiance.dylib
0x000000000a4b8000 	/System/Library/Frameworks/CoreVideo.framework/Versions/A/CoreVideo
0x000000000a4b8000 	/System/Library/Frameworks/OpenGL.framework/Versions/A/Libraries/libGLU.dylib
0x000000000a4b8000 	/System/Library/Frameworks/OpenGL.framework/Versions/A/Libraries/libGFXShared.dylib
0x000000000a4b8000 	/System/Library/Frameworks/OpenGL.framework/Versions/A/Libraries/libGL.dylib
0x000000000a4b8000 	/System/Library/Frameworks/OpenGL.framework/Versions/A/Libraries/libGLImage.dylib
0x000000000a4b8000 	/System/Library/Frameworks/OpenGL.framework/Versions/A/Libraries/libCVMSPluginSupport.dylib
0x000000000a4b8000 	/System/Library/Frameworks/OpenGL.framework/Versions/A/Libraries/libCoreVMClient.dylib
0x000000000a4b8000 	/usr/lib/libcups.2.dylib
0x000000000a4b8000 	/System/Library/Frameworks/Kerberos.framework/Versions/A/Kerberos
0x000000000a4b8000 	/System/Library/Frameworks/GSS.framework/Versions/A/GSS
0x000000000a4b8000 	/usr/lib/libresolv.9.dylib
0x000000000a4b8000 	/usr/lib/libiconv.2.dylib
0x000000000a4b8000 	/System/Library/PrivateFrameworks/Heimdal.framework/Versions/A/Heimdal
0x000000000a4b8000 	/usr/lib/libheimdal-asn1.dylib
0x000000000a4b8000 	/System/Library/Frameworks/OpenDirectory.framework/Versions/A/OpenDirectory
0x000000000a4b8000 	/System/Library/PrivateFrameworks/CommonAuth.framework/Versions/A/CommonAuth
0x000000000a4b8000 	/System/Library/Frameworks/OpenDirectory.framework/Versions/A/Frameworks/CFOpenDirectory.framework/Versions/A/CFOpenDirectory
0x000000000a4b8000 	/System/Library/Frameworks/SecurityFoundation.framework/Versions/A/SecurityFoundation
0x000000000a4b8000 	/System/Library/PrivateFrameworks/LanguageModeling.framework/Versions/A/LanguageModeling
0x000000000a4b8000 	/usr/lib/libcmph.dylib
0x000000000a4b8000 	/System/Library/Frameworks/ServiceManagement.framework/Versions/A/ServiceManagement
0x000000000a4b8000 	/usr/lib/libxslt.1.dylib
0x000000000a4b8000 	/System/Library/Frameworks/Carbon.framework/Versions/A/Frameworks/Ink.framework/Versions/A/Ink
0x000000000a4b8000 	/System/Library/Frameworks/QuartzCore.framework/Versions/A/Frameworks/CoreImage.framework/Versions/A/CoreImage
0x000000000a4b8000 	/System/Library/PrivateFrameworks/CrashReporterSupport.framework/Versions/A/CrashReporterSupport
0x000000000a4b8000 	/System/Library/Frameworks/OpenCL.framework/Versions/A/OpenCL
0x000000000a4b8000 	/System/Library/PrivateFrameworks/FaceCore.framework/Versions/A/FaceCore
0x000000000a4b8000 	/System/Library/PrivateFrameworks/Ubiquity.framework/Versions/A/Ubiquity
0x000000000a4b8000 	/System/Library/PrivateFrameworks/IconServices.framework/Versions/A/IconServices
0x000000000a4b8000 	/System/Library/PrivateFrameworks/ChunkingLibrary.framework/Versions/A/ChunkingLibrary
0x000000000a4b8000 	/System/Library/PrivateFrameworks/Apple80211.framework/Versions/A/Apple80211
0x000000000a4b8000 	/System/Library/Frameworks/CoreWLAN.framework/Versions/A/CoreWLAN
0x000000000a4b8000 	/System/Library/Frameworks/IOBluetooth.framework/Versions/A/IOBluetooth
0x000000000a4b8000 	/System/Library/PrivateFrameworks/CoreWiFi.framework/Versions/A/CoreWiFi
0x000000000a4b8000 	/System/Library/Frameworks/CoreBluetooth.framework/Versions/A/CoreBluetooth
0x000000000a4b8000 	/System/Library/PrivateFrameworks/DebugSymbols.framework/Versions/A/DebugSymbols
0x000000000a4b8000 	/System/Library/PrivateFrameworks/CoreSymbolication.framework/Versions/A/CoreSymbolication
0x000000000a4b8000 	/System/Library/PrivateFrameworks/Symbolication.framework/Versions/A/Symbolication
0x000000000a4b8000 	/System/Library/PrivateFrameworks/SpeechRecognitionCore.framework/Versions/A/SpeechRecognitionCore
0x000000010675c000 	/Library/Java/JavaVirtualMachines/jdk1.8.0_20.jdk/Contents/Home/jre/lib/server/libjvm.dylib
0x000000000a4b8000 	/usr/lib/libstdc++.6.dylib
0x0000000107791000 	/Library/Java/JavaVirtualMachines/jdk1.8.0_20.jdk/Contents/Home/jre/lib/libverify.dylib
0x000000010779f000 	/Library/Java/JavaVirtualMachines/jdk1.8.0_20.jdk/Contents/Home/jre/lib/libjava.dylib
0x00000001077dd000 	/Library/Java/JavaVirtualMachines/jdk1.8.0_20.jdk/Contents/Home/jre/lib/libzip.dylib
0x000000011baf7000 	/System/Library/Frameworks/JavaVM.framework/Frameworks/JavaRuntimeSupport.framework/JavaRuntimeSupport
0x000000011bb0f000 	/System/Library/Frameworks/JavaVM.framework/Versions/A/Frameworks/JavaNativeFoundation.framework/Versions/A/JavaNativeFoundation
0x000000011bb24000 	/System/Library/Frameworks/JavaVM.framework/Versions/A/JavaVM
0x000000000a4b8000 	/System/Library/Frameworks/Carbon.framework/Versions/A/Carbon
0x000000011bb31000 	/System/Library/PrivateFrameworks/JavaLaunching.framework/Versions/A/JavaLaunching
0x000000000a4b8000 	/System/Library/Frameworks/Carbon.framework/Versions/A/Frameworks/CommonPanels.framework/Versions/A/CommonPanels
0x000000000a4b8000 	/System/Library/Frameworks/Carbon.framework/Versions/A/Frameworks/Help.framework/Versions/A/Help
0x000000000a4b8000 	/System/Library/Frameworks/Carbon.framework/Versions/A/Frameworks/ImageCapture.framework/Versions/A/ImageCapture
0x000000000a4b8000 	/System/Library/Frameworks/Carbon.framework/Versions/A/Frameworks/OpenScripting.framework/Versions/A/OpenScripting
0x000000000a4b8000 	/System/Library/Frameworks/Carbon.framework/Versions/A/Frameworks/Print.framework/Versions/A/Print
0x000000000a4b8000 	/System/Library/Frameworks/Carbon.framework/Versions/A/Frameworks/SecurityHI.framework/Versions/A/SecurityHI
0x000000011d9af000 	/Library/Java/JavaVirtualMachines/jdk1.8.0_20.jdk/Contents/Home/jre/lib/libawt.dylib
0x000000011da5e000 	/Library/Java/JavaVirtualMachines/jdk1.8.0_20.jdk/Contents/Home/jre/lib/./libmlib_image.dylib
0x000000011db2a000 	/Library/Java/JavaVirtualMachines/jdk1.8.0_20.jdk/Contents/Home/jre/lib/libawt_lwawt.dylib
0x000000011dbdd000 	/Library/Java/JavaVirtualMachines/jdk1.8.0_20.jdk/Contents/Home/jre/lib/./libosxapp.dylib
0x000000000a4b8000 	/System/Library/Frameworks/ExceptionHandling.framework/Versions/A/ExceptionHandling
0x000000000a4b8000 	/System/Library/PrivateFrameworks/CoreServicesInternal.framework/Versions/A/CoreServicesInternal
0x000000000a4b8000 	/System/Library/PrivateFrameworks/CloudDocs.framework/Versions/A/CloudDocs
0x000000000a4b8000 	/System/Library/PrivateFrameworks/CoreDuet.framework/Versions/A/CoreDuet
0x000000000a4b8000 	/System/Library/Frameworks/CloudKit.framework/Versions/A/CloudKit
0x000000000a4b8000 	/System/Library/PrivateFrameworks/ProtocolBuffer.framework/Versions/A/ProtocolBuffer
0x000000000a4b8000 	/System/Library/PrivateFrameworks/CoreDuetDaemonProtocol.framework/Versions/A/CoreDuetDaemonProtocol
0x000000000a4b8000 	/System/Library/PrivateFrameworks/CoreDuetDebugLogging.framework/Versions/A/CoreDuetDebugLogging
0x000000000a4b8000 	/System/Library/Frameworks/CoreLocation.framework/Versions/A/CoreLocation
0x000000000a4b8000 	/System/Library/Frameworks/Accounts.framework/Versions/A/Accounts
0x000000000a4b8000 	/System/Library/PrivateFrameworks/ApplePushService.framework/Versions/A/ApplePushService
0x000000000a4b8000 	/System/Library/PrivateFrameworks/GeoServices.framework/Versions/A/GeoServices
0x000000000a4b8000 	/System/Library/PrivateFrameworks/OAuth.framework/Versions/A/OAuth
0x000000000a4b8000 	/System/Library/PrivateFrameworks/CoreDaemon.framework/Versions/B/CoreDaemon
0x000000000a4b8000 	/usr/lib/libcrypto.0.9.8.dylib
0x000000000a4b8000 	/System/Library/PrivateFrameworks/AppleSRP.framework/Versions/A/AppleSRP
0x000000000a4b8000 	/System/Library/PrivateFrameworks/TrustEvaluationAgent.framework/Versions/A/TrustEvaluationAgent
0x000000000a4b8000 	/System/Library/Frameworks/CoreGraphics.framework/Versions/A/Resources/libCGCMS.A.dylib
0x000000000a4b8000 	/System/Library/Frameworks/CoreGraphics.framework/Versions/A/Resources/libRIP.A.dylib
0x000000000a4b8000 	/System/Library/PrivateFrameworks/FamilyControls.framework/Versions/A/FamilyControls
0x000000000a4b8000 	/System/Library/PrivateFrameworks/CommerceKit.framework/Versions/A/Frameworks/CommerceCore.framework/Versions/A/CommerceCore
0x000000000a4b8000 	/System/Library/PrivateFrameworks/SystemAdministration.framework/Versions/A/SystemAdministration
0x000000000a4b8000 	/System/Library/PrivateFrameworks/AppContainer.framework/Versions/A/AppContainer
0x000000000a4b8000 	/System/Library/PrivateFrameworks/SecCodeWrapper.framework/Versions/A/SecCodeWrapper
0x000000000a4b8000 	/System/Library/Frameworks/DirectoryService.framework/Versions/A/DirectoryService
0x000000000a4b8000 	/System/Library/PrivateFrameworks/DiskImages.framework/Versions/A/DiskImages
0x000000000a4b8000 	/System/Library/PrivateFrameworks/LoginUIKit.framework/Versions/A/Frameworks/LoginUICore.framework/Versions/A/LoginUICore
0x000000000a4b8000 	/usr/lib/libCoreStorage.dylib
0x000000000a4b8000 	/usr/lib/libcsfde.dylib
0x000000000a4b8000 	/usr/lib/libodfde.dylib
0x000000000a4b8000 	/System/Library/Frameworks/DiscRecording.framework/Versions/A/DiscRecording
0x000000000a4b8000 	/usr/lib/libcurl.4.dylib
0x000000000a4b8000 	/System/Library/PrivateFrameworks/MediaKit.framework/Versions/A/MediaKit
0x000000000a4b8000 	/System/Library/PrivateFrameworks/ProtectedCloudStorage.framework/Versions/A/ProtectedCloudStorage
0x000000000a4b8000 	/System/Library/PrivateFrameworks/EFILogin.framework/Versions/A/EFILogin
0x000000000a4b8000 	/usr/lib/libutil.dylib
0x000000000a4b8000 	/System/Library/PrivateFrameworks/FindMyDevice.framework/Versions/A/FindMyDevice
0x000000000a4b8000 	/System/Library/Frameworks/LDAP.framework/Versions/A/LDAP
0x000000000a4b8000 	/usr/lib/libsasl2.2.dylib
0x0000000120eb6000 	/Library/Java/JavaVirtualMachines/jdk1.8.0_20.jdk/Contents/Home/jre/lib/libfontmanager.dylib
0x000000000a4b8000 	/System/Library/Frameworks/OpenGL.framework/Versions/A/Resources/GLEngine.bundle/GLEngine
0x000000000a4b8000 	/System/Library/Frameworks/OpenGL.framework/Versions/A/Libraries/libGLProgrammability.dylib
0x0000000000000000 	/System/Library/Extensions/AppleIntelHD5000GraphicsGLDriver.bundle/Contents/MacOS/AppleIntelHD5000GraphicsGLDriver
0x000000000a4b8000 	/System/Library/PrivateFrameworks/IOAccelerator.framework/Versions/A/IOAccelerator
0x000000000a4b8000 	/System/Library/PrivateFrameworks/GPUSupport.framework/Versions/A/Libraries/libGPUSupportMercury.dylib
0x000000000a4b8000 	/System/Library/Frameworks/OpenGL.framework/Versions/A/Resources/GLRendererFloat.bundle/GLRendererFloat
0x000000000a4b8000 	/System/Library/Frameworks/OpenCL.framework/Versions/A/Libraries/libcldcpuengine.dylib
0x000000011bb3d000 	/Library/Java/JavaVirtualMachines/jdk1.8.0_20.jdk/Contents/Home/jre/lib/libosxui.dylib
0x000000011bb48000 	/Library/Java/JavaVirtualMachines/jdk1.8.0_20.jdk/Contents/Home/jre/lib/libmanagement.dylib
0x000000000a4b8000 	/System/Library/Frameworks/CoreGraphics.framework/Versions/A/Resources/libCGXType.A.dylib
0x000000011dc19000 	/private/var/folders/5n/_q4f_vln6pnbgchn4rkhwmsm0000gn/T/processing2123685919594867259menubar/libjAppleMenuBar.jnilib

VM Arguments:
jvm_args: -Dfile.encoding=UTF-8 
java_command: SoccerGameOrigional
java_class_path (initial): /Users/rreszetnik/Documents/workspace/SoccerGameOrigional/bin:/Users/rreszetnik/Desktop/Processing.app/Contents/Java/core/library/core.jar
Launcher Type: SUN_STANDARD

Environment Variables:
PATH=/usr/bin:/bin:/usr/sbin:/sbin
SHELL=/bin/bash

Signal Handlers:
SIGSEGV: [libjvm.dylib+0x578fd7], sa_mask[0]=11111111011111110111111111111111, sa_flags=SA_ONSTACK|SA_RESTART|SA_SIGINFO
SIGBUS: [libjvm.dylib+0x578fd7], sa_mask[0]=11111111011111110111111111111111, sa_flags=SA_RESTART|SA_SIGINFO
SIGFPE: [libjvm.dylib+0x45ab0c], sa_mask[0]=11111111011111110111111111111111, sa_flags=SA_RESTART|SA_SIGINFO
SIGPIPE: [libjvm.dylib+0x45ab0c], sa_mask[0]=11111111011111110111111111111111, sa_flags=SA_RESTART|SA_SIGINFO
SIGXFSZ: [libjvm.dylib+0x45ab0c], sa_mask[0]=11111111011111110111111111111111, sa_flags=SA_RESTART|SA_SIGINFO
SIGILL: [libjvm.dylib+0x45ab0c], sa_mask[0]=11111111011111110111111111111111, sa_flags=SA_RESTART|SA_SIGINFO
SIGUSR1: SIG_DFL, sa_mask[0]=00000000000000000000000000000000, sa_flags=none
SIGUSR2: [libjvm.dylib+0x45a62a], sa_mask[0]=00100000000000000000000000000000, sa_flags=SA_RESTART|SA_SIGINFO
SIGHUP: [libjvm.dylib+0x458bfd], sa_mask[0]=11111111011111110111111111111111, sa_flags=SA_RESTART|SA_SIGINFO
SIGINT: [libjvm.dylib+0x458bfd], sa_mask[0]=11111111011111110111111111111111, sa_flags=SA_RESTART|SA_SIGINFO
SIGTERM: [libjvm.dylib+0x458bfd], sa_mask[0]=11111111011111110111111111111111, sa_flags=SA_RESTART|SA_SIGINFO
SIGQUIT: [libjvm.dylib+0x458bfd], sa_mask[0]=11111111011111110111111111111111, sa_flags=SA_RESTART|SA_SIGINFO


---------------  S Y S T E M  ---------------

OS:Bsduname:Darwin 14.1.0 Darwin Kernel Version 14.1.0: Mon Dec 22 23:10:38 PST 2014; root:xnu-2782.10.72~2/RELEASE_X86_64 x86_64
rlimit: STACK 8192k, CORE 0k, NPROC 709, NOFILE 10240, AS infinity
load average:45.15 21.28 10.29

CPU:total 4 (2 cores per cpu, 2 threads per core) family 6 model 69 stepping 1, cmov, cx8, fxsr, mmx, sse, sse2, sse3, ssse3, sse4.1, sse4.2, popcnt, avx, avx2, aes, clmul, erms, lzcnt, ht, tsc, tscinvbit, bmi1, bmi2

Memory: 4k page, physical 4194304k(19500k free)

/proc/meminfo:


vm_info: Java HotSpot(TM) 64-Bit Server VM (25.20-b23) for bsd-amd64 JRE (1.8.0_20-b26), built on Jul 30 2014 13:37:47 by "java_re" with gcc 4.2.1 (Based on Apple Inc. build 5658) (LLVM build 2336.9.00)

time: Fri Sep 23 13:35:31 2016
elapsed time: 54 seconds (0d 0h 0m 54s)

